/*C7649*/SET SCHEMA PUBLIC
SET SCHEMA "PUBLIC"
DISCONNECT
/*C7650*/SET SCHEMA PUBLIC
DISCONNECT
/*C7651*/SET SCHEMA PUBLIC
DISCONNECT
/*C7652*/SET SCHEMA PUBLIC
DISCONNECT
/*C7653*/SET SCHEMA PUBLIC
DISCONNECT
/*C7654*/SET SCHEMA PUBLIC
DISCONNECT
/*C7655*/SET SCHEMA PUBLIC
DISCONNECT
/*C7656*/SET SCHEMA PUBLIC
DISCONNECT
/*C7657*/SET SCHEMA PUBLIC
DISCONNECT
/*C7658*/SET SCHEMA PUBLIC
DISCONNECT
/*C7659*/SET SCHEMA PUBLIC
DISCONNECT
/*C7660*/SET SCHEMA PUBLIC
DISCONNECT
/*C7661*/SET SCHEMA PUBLIC
DISCONNECT
/*C7663*/SET SCHEMA PUBLIC
DISCONNECT
/*C7662*/SET SCHEMA PUBLIC
DISCONNECT
/*C7665*/SET SCHEMA PUBLIC
DISCONNECT
/*C7664*/SET SCHEMA PUBLIC
DISCONNECT
/*C7667*/SET SCHEMA PUBLIC
DISCONNECT
/*C7666*/SET SCHEMA PUBLIC
DISCONNECT
/*C7668*/SET SCHEMA PUBLIC
DISCONNECT
/*C7669*/SET SCHEMA PUBLIC
DISCONNECT
/*C7671*/SET SCHEMA PUBLIC
DISCONNECT
/*C7670*/SET SCHEMA PUBLIC
DISCONNECT
/*C7673*/SET SCHEMA PUBLIC
DISCONNECT
/*C7672*/SET SCHEMA PUBLIC
DISCONNECT
/*C7675*/SET SCHEMA PUBLIC
DISCONNECT
/*C7674*/SET SCHEMA PUBLIC
DISCONNECT
/*C7676*/SET SCHEMA PUBLIC
DISCONNECT
/*C7677*/SET SCHEMA PUBLIC
DISCONNECT
/*C7679*/SET SCHEMA PUBLIC
DISCONNECT
/*C7678*/SET SCHEMA PUBLIC
DISCONNECT
/*C7681*/SET SCHEMA PUBLIC
DISCONNECT
/*C7680*/SET SCHEMA PUBLIC
DISCONNECT
/*C7683*/SET SCHEMA PUBLIC
DISCONNECT
/*C7682*/SET SCHEMA PUBLIC
DISCONNECT
/*C7684*/SET SCHEMA PUBLIC
DISCONNECT
/*C7685*/SET SCHEMA PUBLIC
DISCONNECT
/*C7687*/SET SCHEMA PUBLIC
DISCONNECT
/*C7686*/SET SCHEMA PUBLIC
DISCONNECT
/*C7689*/SET SCHEMA PUBLIC
DISCONNECT
/*C7688*/SET SCHEMA PUBLIC
DISCONNECT
/*C7690*/SET SCHEMA PUBLIC
DISCONNECT
/*C7691*/SET SCHEMA PUBLIC
DISCONNECT
/*C7692*/SET SCHEMA PUBLIC
DISCONNECT
/*C7693*/SET SCHEMA PUBLIC
DISCONNECT
/*C7694*/SET SCHEMA PUBLIC
DISCONNECT
/*C7695*/SET SCHEMA PUBLIC
DISCONNECT
/*C7696*/SET SCHEMA PUBLIC
DISCONNECT
/*C7697*/SET SCHEMA PUBLIC
DISCONNECT
/*C7698*/SET SCHEMA PUBLIC
DISCONNECT
/*C7699*/SET SCHEMA PUBLIC
DISCONNECT
/*C7701*/SET SCHEMA PUBLIC
DISCONNECT
/*C7700*/SET SCHEMA PUBLIC
DISCONNECT
/*C7702*/SET SCHEMA PUBLIC
DISCONNECT
/*C7703*/SET SCHEMA PUBLIC
DISCONNECT
/*C7704*/SET SCHEMA PUBLIC
DISCONNECT
/*C7705*/SET SCHEMA PUBLIC
DISCONNECT
/*C7706*/SET SCHEMA PUBLIC
DISCONNECT
/*C7707*/SET SCHEMA PUBLIC
DISCONNECT
/*C7708*/SET SCHEMA PUBLIC
DISCONNECT
/*C7709*/SET SCHEMA PUBLIC
DISCONNECT
/*C7710*/SET SCHEMA PUBLIC
DISCONNECT
/*C7711*/SET SCHEMA PUBLIC
DISCONNECT
/*C7712*/SET SCHEMA PUBLIC
DISCONNECT
/*C7713*/SET SCHEMA PUBLIC
DISCONNECT
/*C7714*/SET SCHEMA PUBLIC
DISCONNECT
/*C7715*/SET SCHEMA PUBLIC
DISCONNECT
/*C7716*/SET SCHEMA PUBLIC
DISCONNECT
/*C7717*/SET SCHEMA PUBLIC
DISCONNECT
/*C7718*/SET SCHEMA PUBLIC
DISCONNECT
/*C7719*/SET SCHEMA PUBLIC
DISCONNECT
/*C7720*/SET SCHEMA PUBLIC
DISCONNECT
/*C7721*/SET SCHEMA PUBLIC
DISCONNECT
/*C7723*/SET SCHEMA PUBLIC
DISCONNECT
/*C7722*/SET SCHEMA PUBLIC
DISCONNECT
/*C7724*/SET SCHEMA PUBLIC
DISCONNECT
/*C7725*/SET SCHEMA PUBLIC
DISCONNECT
/*C7726*/SET SCHEMA PUBLIC
DISCONNECT
/*C7727*/SET SCHEMA PUBLIC
DISCONNECT
/*C7728*/SET SCHEMA PUBLIC
DISCONNECT
/*C7729*/SET SCHEMA PUBLIC
DISCONNECT
/*C7730*/SET SCHEMA PUBLIC
DISCONNECT
/*C7731*/SET SCHEMA PUBLIC
DISCONNECT
/*C7732*/SET SCHEMA PUBLIC
DISCONNECT
/*C7733*/SET SCHEMA PUBLIC
DISCONNECT
/*C7735*/SET SCHEMA PUBLIC
DISCONNECT
/*C7734*/SET SCHEMA PUBLIC
DISCONNECT
/*C7736*/SET SCHEMA PUBLIC
DISCONNECT
/*C7737*/SET SCHEMA PUBLIC
DISCONNECT
/*C7739*/SET SCHEMA PUBLIC
DISCONNECT
/*C7738*/SET SCHEMA PUBLIC
DISCONNECT
/*C7740*/SET SCHEMA PUBLIC
DISCONNECT
/*C7741*/SET SCHEMA PUBLIC
DISCONNECT
/*C7743*/SET SCHEMA PUBLIC
DISCONNECT
/*C7742*/SET SCHEMA PUBLIC
DISCONNECT
/*C7744*/SET SCHEMA PUBLIC
DISCONNECT
/*C7745*/SET SCHEMA PUBLIC
DISCONNECT
/*C7746*/SET SCHEMA PUBLIC
DISCONNECT
/*C7747*/SET SCHEMA PUBLIC
DISCONNECT
/*C7748*/SET SCHEMA PUBLIC
DISCONNECT
/*C7749*/SET SCHEMA PUBLIC
DISCONNECT
/*C7750*/SET SCHEMA PUBLIC
DISCONNECT
/*C7751*/SET SCHEMA PUBLIC
DISCONNECT
/*C7753*/SET SCHEMA PUBLIC
DISCONNECT
/*C7752*/SET SCHEMA PUBLIC
DISCONNECT
/*C7754*/SET SCHEMA PUBLIC
DISCONNECT
/*C7755*/SET SCHEMA PUBLIC
DISCONNECT
/*C7756*/SET SCHEMA PUBLIC
DISCONNECT
/*C7757*/SET SCHEMA PUBLIC
DISCONNECT
/*C7758*/SET SCHEMA PUBLIC
DISCONNECT
/*C7759*/SET SCHEMA PUBLIC
DISCONNECT
/*C7760*/SET SCHEMA PUBLIC
DISCONNECT
/*C7761*/SET SCHEMA PUBLIC
DISCONNECT
/*C7762*/SET SCHEMA PUBLIC
DISCONNECT
/*C7763*/SET SCHEMA PUBLIC
DISCONNECT
/*C7764*/SET SCHEMA PUBLIC
DISCONNECT
/*C7765*/SET SCHEMA PUBLIC
DISCONNECT
/*C7766*/SET SCHEMA PUBLIC
DISCONNECT
/*C7767*/SET SCHEMA PUBLIC
DISCONNECT
/*C7768*/SET SCHEMA PUBLIC
DISCONNECT
/*C7769*/SET SCHEMA PUBLIC
DISCONNECT
/*C7770*/SET SCHEMA PUBLIC
DISCONNECT
/*C7771*/SET SCHEMA PUBLIC
DISCONNECT
/*C7772*/SET SCHEMA PUBLIC
DISCONNECT
/*C7773*/SET SCHEMA PUBLIC
DISCONNECT
/*C7774*/SET SCHEMA PUBLIC
DISCONNECT
/*C7775*/SET SCHEMA PUBLIC
DISCONNECT
/*C7776*/SET SCHEMA PUBLIC
DISCONNECT
/*C7777*/SET SCHEMA PUBLIC
DISCONNECT
/*C7778*/SET SCHEMA PUBLIC
DISCONNECT
/*C7779*/SET SCHEMA PUBLIC
DISCONNECT
/*C7780*/SET SCHEMA PUBLIC
DISCONNECT
/*C7781*/SET SCHEMA PUBLIC
DISCONNECT
/*C7782*/SET SCHEMA PUBLIC
DISCONNECT
/*C7783*/SET SCHEMA PUBLIC
DISCONNECT
/*C7784*/SET SCHEMA PUBLIC
DISCONNECT
/*C7785*/SET SCHEMA PUBLIC
DISCONNECT
/*C7786*/SET SCHEMA PUBLIC
DISCONNECT
/*C7787*/SET SCHEMA PUBLIC
DISCONNECT
/*C7788*/SET SCHEMA PUBLIC
DISCONNECT
/*C7789*/SET SCHEMA PUBLIC
DISCONNECT
/*C7790*/SET SCHEMA PUBLIC
DISCONNECT
/*C7791*/SET SCHEMA PUBLIC
DISCONNECT
/*C7792*/SET SCHEMA PUBLIC
DISCONNECT
/*C7793*/SET SCHEMA PUBLIC
DISCONNECT
/*C7794*/SET SCHEMA PUBLIC
DISCONNECT
/*C7795*/SET SCHEMA PUBLIC
DISCONNECT
/*C7796*/SET SCHEMA PUBLIC
DISCONNECT
/*C7797*/SET SCHEMA PUBLIC
DISCONNECT
/*C7798*/SET SCHEMA PUBLIC
DISCONNECT
/*C7799*/SET SCHEMA PUBLIC
DISCONNECT
/*C7800*/SET SCHEMA PUBLIC
DISCONNECT
/*C7801*/SET SCHEMA PUBLIC
DISCONNECT
/*C7802*/SET SCHEMA PUBLIC
DISCONNECT
/*C7803*/SET SCHEMA PUBLIC
DISCONNECT
/*C7804*/SET SCHEMA PUBLIC
DISCONNECT
/*C7805*/SET SCHEMA PUBLIC
DISCONNECT
/*C7806*/SET SCHEMA PUBLIC
DISCONNECT
/*C7807*/SET SCHEMA PUBLIC
DISCONNECT
/*C7808*/SET SCHEMA PUBLIC
DISCONNECT
/*C7809*/SET SCHEMA PUBLIC
DISCONNECT
/*C7810*/SET SCHEMA PUBLIC
DISCONNECT
/*C7812*/SET SCHEMA PUBLIC
DISCONNECT
/*C7811*/SET SCHEMA PUBLIC
DISCONNECT
/*C7813*/SET SCHEMA PUBLIC
DISCONNECT
/*C7814*/SET SCHEMA PUBLIC
DISCONNECT
/*C7815*/SET SCHEMA PUBLIC
DISCONNECT
/*C7817*/SET SCHEMA PUBLIC
DISCONNECT
/*C7816*/SET SCHEMA PUBLIC
DISCONNECT
/*C7818*/SET SCHEMA PUBLIC
DISCONNECT
/*C7819*/SET SCHEMA PUBLIC
DISCONNECT
/*C7820*/SET SCHEMA PUBLIC
DISCONNECT
/*C7821*/SET SCHEMA PUBLIC
DISCONNECT
/*C7822*/SET SCHEMA PUBLIC
DISCONNECT
/*C7823*/SET SCHEMA PUBLIC
DISCONNECT
/*C7824*/SET SCHEMA CONTAINER
INSERT INTO LESSON_TRACKER VALUES(9,'ChromeDevTools',1,0)
INSERT INTO ASSIGNMENT VALUES(10,'NetworkLesson','/ChromeDevTools/network')
INSERT INTO ASSIGNMENT VALUES(11,'NetworkDummy','/ChromeDevTools/dummy')
INSERT INTO USER_TRACKER_LESSON_TRACKERS VALUES(0,9)
INSERT INTO LESSON_TRACKER_ALL_ASSIGNMENTS VALUES(9,11)
INSERT INTO LESSON_TRACKER_ALL_ASSIGNMENTS VALUES(9,10)
ALTER SEQUENCE CONTAINER.HIBERNATE_SEQUENCE RESTART WITH 12
COMMIT
SET SCHEMA PUBLIC
DISCONNECT
/*C7826*/SET SCHEMA PUBLIC
DISCONNECT
/*C7825*/SET SCHEMA PUBLIC
DISCONNECT
/*C7827*/SET SCHEMA PUBLIC
DISCONNECT
/*C7828*/SET SCHEMA PUBLIC
DISCONNECT
/*C7829*/SET SCHEMA PUBLIC
DISCONNECT
/*C7830*/SET SCHEMA PUBLIC
DISCONNECT
/*C7831*/SET SCHEMA PUBLIC
DISCONNECT
/*C7832*/SET SCHEMA PUBLIC
DISCONNECT
/*C7833*/SET SCHEMA CONTAINER
DELETE FROM LESSON_TRACKER WHERE ID=9
INSERT INTO LESSON_TRACKER VALUES(9,'ChromeDevTools',2,1)
COMMIT
SET SCHEMA PUBLIC
DISCONNECT
/*C7834*/SET SCHEMA PUBLIC
DISCONNECT
/*C7835*/SET SCHEMA PUBLIC
DISCONNECT
/*C7836*/SET SCHEMA CONTAINER
DELETE FROM LESSON_TRACKER WHERE ID=9
INSERT INTO LESSON_TRACKER VALUES(9,'ChromeDevTools',3,2)
INSERT INTO LESSON_TRACKER_SOLVED_ASSIGNMENTS VALUES(9,11)
COMMIT
SET SCHEMA PUBLIC
DISCONNECT
/*C7837*/SET SCHEMA PUBLIC
DISCONNECT
/*C7838*/SET SCHEMA PUBLIC
DISCONNECT
/*C7839*/SET SCHEMA PUBLIC
DISCONNECT
/*C7840*/SET SCHEMA PUBLIC
DISCONNECT
/*C7841*/SET SCHEMA PUBLIC
DISCONNECT
/*C7842*/SET SCHEMA PUBLIC
DISCONNECT
/*C7843*/SET SCHEMA PUBLIC
DISCONNECT
/*C7845*/SET SCHEMA PUBLIC
DISCONNECT
/*C7844*/SET SCHEMA PUBLIC
DISCONNECT
/*C7846*/SET SCHEMA PUBLIC
DISCONNECT
/*C7847*/SET SCHEMA PUBLIC
DISCONNECT
/*C7848*/SET SCHEMA PUBLIC
DISCONNECT
/*C7849*/SET SCHEMA PUBLIC
DISCONNECT
/*C7850*/SET SCHEMA PUBLIC
DISCONNECT
/*C7851*/SET SCHEMA PUBLIC
DISCONNECT
/*C7853*/SET SCHEMA PUBLIC
DISCONNECT
/*C7852*/SET SCHEMA PUBLIC
DISCONNECT
/*C7854*/SET SCHEMA PUBLIC
DISCONNECT
/*C7855*/SET SCHEMA PUBLIC
DISCONNECT
/*C7856*/SET SCHEMA PUBLIC
DISCONNECT
/*C7857*/SET SCHEMA PUBLIC
DISCONNECT
/*C7858*/SET SCHEMA PUBLIC
DISCONNECT
/*C7859*/SET SCHEMA PUBLIC
DISCONNECT
/*C7860*/SET SCHEMA PUBLIC
DISCONNECT
/*C7861*/SET SCHEMA PUBLIC
DISCONNECT
/*C7862*/SET SCHEMA PUBLIC
DISCONNECT
/*C7863*/SET SCHEMA PUBLIC
DISCONNECT
/*C7864*/SET SCHEMA PUBLIC
DISCONNECT
/*C7865*/SET SCHEMA PUBLIC
DISCONNECT
/*C7866*/SET SCHEMA PUBLIC
DISCONNECT
/*C7867*/SET SCHEMA PUBLIC
DISCONNECT
/*C7868*/SET SCHEMA PUBLIC
DISCONNECT
/*C7869*/SET SCHEMA PUBLIC
DISCONNECT
/*C7870*/SET SCHEMA PUBLIC
DISCONNECT
/*C7872*/SET SCHEMA PUBLIC
DISCONNECT
/*C7871*/SET SCHEMA PUBLIC
DISCONNECT
/*C7873*/SET SCHEMA PUBLIC
DISCONNECT
/*C7874*/SET SCHEMA PUBLIC
DISCONNECT
/*C7875*/SET SCHEMA PUBLIC
DISCONNECT
/*C7876*/SET SCHEMA PUBLIC
DISCONNECT
/*C7877*/SET SCHEMA PUBLIC
DISCONNECT
/*C7878*/SET SCHEMA PUBLIC
DISCONNECT
/*C7879*/SET SCHEMA PUBLIC
DISCONNECT
/*C7880*/SET SCHEMA PUBLIC
DISCONNECT
/*C7881*/SET SCHEMA PUBLIC
DISCONNECT
/*C7882*/SET SCHEMA PUBLIC
DISCONNECT
/*C7883*/SET SCHEMA PUBLIC
DISCONNECT
/*C7884*/SET SCHEMA PUBLIC
DISCONNECT
/*C7885*/SET SCHEMA PUBLIC
DISCONNECT
/*C7886*/SET SCHEMA PUBLIC
DISCONNECT
/*C7888*/SET SCHEMA PUBLIC
DISCONNECT
/*C7887*/SET SCHEMA PUBLIC
DISCONNECT
/*C7889*/SET SCHEMA PUBLIC
DISCONNECT
/*C7890*/SET SCHEMA PUBLIC
DISCONNECT
/*C7891*/SET SCHEMA PUBLIC
DISCONNECT
/*C7892*/SET SCHEMA PUBLIC
DISCONNECT
/*C7893*/SET SCHEMA PUBLIC
DISCONNECT
/*C7894*/SET SCHEMA PUBLIC
DISCONNECT
/*C7895*/SET SCHEMA PUBLIC
DISCONNECT
/*C7896*/SET SCHEMA PUBLIC
DISCONNECT
/*C7897*/SET SCHEMA PUBLIC
DISCONNECT
/*C7898*/SET SCHEMA PUBLIC
DISCONNECT
/*C7899*/SET SCHEMA PUBLIC
DISCONNECT
/*C7900*/SET SCHEMA PUBLIC
DISCONNECT
/*C7901*/SET SCHEMA PUBLIC
DISCONNECT
/*C7902*/SET SCHEMA PUBLIC
DISCONNECT
/*C7903*/SET SCHEMA PUBLIC
DISCONNECT
/*C7904*/SET SCHEMA PUBLIC
DISCONNECT
/*C7905*/SET SCHEMA PUBLIC
DISCONNECT
/*C7906*/SET SCHEMA PUBLIC
DISCONNECT
/*C7907*/SET SCHEMA PUBLIC
DISCONNECT
/*C7908*/SET SCHEMA PUBLIC
DISCONNECT
/*C7909*/SET SCHEMA PUBLIC
DISCONNECT
/*C7910*/SET SCHEMA PUBLIC
DISCONNECT
/*C7911*/SET SCHEMA PUBLIC
DISCONNECT
/*C7912*/SET SCHEMA PUBLIC
DISCONNECT
/*C7913*/SET SCHEMA PUBLIC
DISCONNECT
/*C7914*/SET SCHEMA PUBLIC
DISCONNECT
/*C7915*/SET SCHEMA PUBLIC
DISCONNECT
/*C7916*/SET SCHEMA PUBLIC
DISCONNECT
/*C7917*/SET SCHEMA PUBLIC
DISCONNECT
/*C7918*/SET SCHEMA PUBLIC
DISCONNECT
/*C7919*/SET SCHEMA PUBLIC
DISCONNECT
/*C7920*/SET SCHEMA PUBLIC
DISCONNECT
/*C7921*/SET SCHEMA PUBLIC
DISCONNECT
/*C7922*/SET SCHEMA PUBLIC
DISCONNECT
/*C7923*/SET SCHEMA PUBLIC
DISCONNECT
/*C7924*/SET SCHEMA PUBLIC
DISCONNECT
/*C7925*/SET SCHEMA PUBLIC
DISCONNECT
/*C7926*/SET SCHEMA PUBLIC
DISCONNECT
/*C7927*/SET SCHEMA PUBLIC
DISCONNECT
/*C7928*/SET SCHEMA PUBLIC
DISCONNECT
/*C7929*/SET SCHEMA PUBLIC
DISCONNECT
/*C7930*/SET SCHEMA PUBLIC
DISCONNECT
/*C7931*/SET SCHEMA PUBLIC
DISCONNECT
/*C7932*/SET SCHEMA PUBLIC
DISCONNECT
/*C7933*/SET SCHEMA PUBLIC
DISCONNECT
/*C7934*/SET SCHEMA PUBLIC
DISCONNECT
/*C7935*/SET SCHEMA PUBLIC
DISCONNECT
/*C7936*/SET SCHEMA PUBLIC
DISCONNECT
/*C7937*/SET SCHEMA PUBLIC
DISCONNECT
/*C7938*/SET SCHEMA PUBLIC
DISCONNECT
/*C7939*/SET SCHEMA PUBLIC
DISCONNECT
/*C7940*/SET SCHEMA PUBLIC
DISCONNECT
/*C7941*/SET SCHEMA PUBLIC
DISCONNECT
/*C7942*/SET SCHEMA PUBLIC
DISCONNECT
/*C7943*/SET SCHEMA PUBLIC
DISCONNECT
/*C7944*/SET SCHEMA PUBLIC
DISCONNECT
/*C7945*/SET SCHEMA PUBLIC
DISCONNECT
/*C7946*/SET SCHEMA PUBLIC
DISCONNECT
/*C7947*/SET SCHEMA PUBLIC
DISCONNECT
/*C7948*/SET SCHEMA PUBLIC
DISCONNECT
/*C7949*/SET SCHEMA PUBLIC
DISCONNECT
/*C7950*/SET SCHEMA PUBLIC
DISCONNECT
/*C7951*/SET SCHEMA PUBLIC
DISCONNECT
/*C7952*/SET SCHEMA PUBLIC
DISCONNECT
/*C7953*/SET SCHEMA PUBLIC
DISCONNECT
/*C7954*/SET SCHEMA PUBLIC
DISCONNECT
/*C7955*/SET SCHEMA PUBLIC
DISCONNECT
/*C7956*/SET SCHEMA PUBLIC
DISCONNECT
/*C7957*/SET SCHEMA PUBLIC
DISCONNECT
/*C7958*/SET SCHEMA PUBLIC
DISCONNECT
/*C7959*/SET SCHEMA PUBLIC
DISCONNECT
/*C7960*/SET SCHEMA PUBLIC
DISCONNECT
/*C7961*/SET SCHEMA PUBLIC
DISCONNECT
/*C7962*/SET SCHEMA PUBLIC
DISCONNECT
/*C7963*/SET SCHEMA PUBLIC
DISCONNECT
/*C7964*/SET SCHEMA PUBLIC
DISCONNECT
/*C7965*/SET SCHEMA PUBLIC
DISCONNECT
/*C7966*/SET SCHEMA PUBLIC
DISCONNECT
/*C7967*/SET SCHEMA PUBLIC
DISCONNECT
/*C7968*/SET SCHEMA PUBLIC
DISCONNECT
/*C7969*/SET SCHEMA PUBLIC
DISCONNECT
/*C7970*/SET SCHEMA PUBLIC
DISCONNECT
/*C7971*/SET SCHEMA PUBLIC
DISCONNECT
/*C7972*/SET SCHEMA PUBLIC
DISCONNECT
/*C7973*/SET SCHEMA PUBLIC
DISCONNECT
/*C7974*/SET SCHEMA PUBLIC
DISCONNECT
/*C7975*/SET SCHEMA PUBLIC
DISCONNECT
/*C7976*/SET SCHEMA PUBLIC
DISCONNECT
/*C7977*/SET SCHEMA PUBLIC
DISCONNECT
/*C7978*/SET SCHEMA PUBLIC
DISCONNECT
/*C7979*/SET SCHEMA PUBLIC
DISCONNECT
/*C7980*/SET SCHEMA PUBLIC
DISCONNECT
/*C7981*/SET SCHEMA PUBLIC
DISCONNECT
/*C7982*/SET SCHEMA PUBLIC
DISCONNECT
/*C7983*/SET SCHEMA PUBLIC
DISCONNECT
/*C7984*/SET SCHEMA PUBLIC
DISCONNECT
/*C7985*/SET SCHEMA PUBLIC
DISCONNECT
/*C7986*/SET SCHEMA PUBLIC
DISCONNECT
/*C7987*/SET SCHEMA PUBLIC
DISCONNECT
/*C7988*/SET SCHEMA PUBLIC
DISCONNECT
/*C7989*/SET SCHEMA PUBLIC
DISCONNECT
/*C7990*/SET SCHEMA PUBLIC
DISCONNECT
/*C7991*/SET SCHEMA PUBLIC
DISCONNECT
/*C7992*/SET SCHEMA PUBLIC
DISCONNECT
/*C7993*/SET SCHEMA PUBLIC
DISCONNECT
/*C7994*/SET SCHEMA PUBLIC
DISCONNECT
/*C7995*/SET SCHEMA PUBLIC
DISCONNECT
/*C7996*/SET SCHEMA PUBLIC
DISCONNECT
/*C7997*/SET SCHEMA PUBLIC
DISCONNECT
/*C7998*/SET SCHEMA PUBLIC
DISCONNECT
/*C7999*/SET SCHEMA PUBLIC
DISCONNECT
/*C8000*/SET SCHEMA PUBLIC
DISCONNECT
/*C8001*/SET SCHEMA PUBLIC
DISCONNECT
/*C8002*/SET SCHEMA PUBLIC
DISCONNECT
/*C8003*/SET SCHEMA PUBLIC
DISCONNECT
/*C8004*/SET SCHEMA PUBLIC
DISCONNECT
/*C8005*/SET SCHEMA PUBLIC
DISCONNECT
/*C8006*/SET SCHEMA PUBLIC
DISCONNECT
/*C8007*/SET SCHEMA PUBLIC
DISCONNECT
/*C8008*/SET SCHEMA PUBLIC
DISCONNECT
/*C8009*/SET SCHEMA PUBLIC
DISCONNECT
/*C8010*/SET SCHEMA PUBLIC
DISCONNECT
/*C8011*/SET SCHEMA PUBLIC
DISCONNECT
/*C8012*/SET SCHEMA PUBLIC
DISCONNECT
/*C8013*/SET SCHEMA PUBLIC
DISCONNECT
/*C8014*/SET SCHEMA PUBLIC
DISCONNECT
/*C8015*/SET SCHEMA PUBLIC
DISCONNECT
/*C8016*/SET SCHEMA PUBLIC
DISCONNECT
/*C8017*/SET SCHEMA PUBLIC
DISCONNECT
/*C8018*/SET SCHEMA PUBLIC
DISCONNECT
/*C8019*/SET SCHEMA PUBLIC
DISCONNECT
/*C8020*/SET SCHEMA PUBLIC
DISCONNECT
/*C8021*/SET SCHEMA PUBLIC
DISCONNECT
/*C8022*/SET SCHEMA PUBLIC
DISCONNECT
/*C8023*/SET SCHEMA PUBLIC
DISCONNECT
/*C8024*/SET SCHEMA PUBLIC
DISCONNECT
/*C8025*/SET SCHEMA PUBLIC
DISCONNECT
/*C8026*/SET SCHEMA PUBLIC
DISCONNECT
/*C8027*/SET SCHEMA PUBLIC
DISCONNECT
/*C8028*/SET SCHEMA PUBLIC
DISCONNECT
/*C8029*/SET SCHEMA PUBLIC
DISCONNECT
/*C8030*/SET SCHEMA PUBLIC
DISCONNECT
/*C8031*/SET SCHEMA PUBLIC
DISCONNECT
/*C8032*/SET SCHEMA PUBLIC
DISCONNECT
/*C8033*/SET SCHEMA PUBLIC
DISCONNECT
/*C8034*/SET SCHEMA PUBLIC
DISCONNECT
/*C8035*/SET SCHEMA PUBLIC
DISCONNECT
/*C8036*/SET SCHEMA PUBLIC
DISCONNECT
/*C8037*/SET SCHEMA PUBLIC
DISCONNECT
/*C8038*/SET SCHEMA PUBLIC
DISCONNECT
/*C8039*/SET SCHEMA PUBLIC
DISCONNECT
/*C8040*/SET SCHEMA PUBLIC
DISCONNECT
/*C8041*/SET SCHEMA PUBLIC
DISCONNECT
/*C8042*/SET SCHEMA PUBLIC
DISCONNECT
/*C8043*/SET SCHEMA PUBLIC
DISCONNECT
/*C8044*/SET SCHEMA PUBLIC
DISCONNECT
/*C8045*/SET SCHEMA PUBLIC
DISCONNECT
/*C8046*/SET SCHEMA PUBLIC
DISCONNECT
/*C8047*/SET SCHEMA PUBLIC
DISCONNECT
/*C8048*/SET SCHEMA PUBLIC
DISCONNECT
/*C8049*/SET SCHEMA PUBLIC
DISCONNECT
/*C8050*/SET SCHEMA PUBLIC
DISCONNECT
/*C8051*/SET SCHEMA PUBLIC
DISCONNECT
/*C8052*/SET SCHEMA PUBLIC
DISCONNECT
/*C8053*/SET SCHEMA PUBLIC
DISCONNECT
/*C8054*/SET SCHEMA PUBLIC
DISCONNECT
/*C8055*/SET SCHEMA PUBLIC
DISCONNECT
/*C8056*/SET SCHEMA PUBLIC
DISCONNECT
/*C8057*/SET SCHEMA PUBLIC
DISCONNECT
/*C8058*/SET SCHEMA PUBLIC
DISCONNECT
/*C8059*/SET SCHEMA PUBLIC
DISCONNECT
/*C8060*/SET SCHEMA PUBLIC
DISCONNECT
/*C8061*/SET SCHEMA PUBLIC
DISCONNECT
/*C8062*/SET SCHEMA CONTAINER
DELETE FROM LESSON_TRACKER WHERE ID=9
INSERT INTO LESSON_TRACKER VALUES(9,'ChromeDevTools',4,3)
INSERT INTO LESSON_TRACKER_SOLVED_ASSIGNMENTS VALUES(9,10)
COMMIT
SET SCHEMA PUBLIC
DISCONNECT
/*C8063*/SET SCHEMA PUBLIC
DISCONNECT
/*C8064*/SET SCHEMA PUBLIC
DISCONNECT
/*C8065*/SET SCHEMA PUBLIC
DISCONNECT
/*C8066*/SET SCHEMA PUBLIC
DISCONNECT
/*C8067*/SET SCHEMA PUBLIC
DISCONNECT
/*C8068*/SET SCHEMA PUBLIC
DISCONNECT
/*C8069*/SET SCHEMA PUBLIC
DISCONNECT
/*C8070*/SET SCHEMA PUBLIC
DISCONNECT
/*C8071*/SET SCHEMA PUBLIC
DISCONNECT
/*C8072*/SET SCHEMA PUBLIC
DISCONNECT
/*C8073*/SET SCHEMA PUBLIC
DISCONNECT
/*C8074*/SET SCHEMA PUBLIC
DISCONNECT
/*C8075*/SET SCHEMA PUBLIC
DISCONNECT
/*C8076*/SET SCHEMA PUBLIC
DISCONNECT
/*C8077*/SET SCHEMA PUBLIC
DISCONNECT
/*C8078*/SET SCHEMA PUBLIC
DISCONNECT
/*C8079*/SET SCHEMA PUBLIC
DISCONNECT
/*C8080*/SET SCHEMA PUBLIC
DISCONNECT
/*C8081*/SET SCHEMA PUBLIC
DISCONNECT
/*C8082*/SET SCHEMA PUBLIC
DISCONNECT
/*C8083*/SET SCHEMA PUBLIC
DISCONNECT
/*C8084*/SET SCHEMA PUBLIC
DISCONNECT
/*C8085*/SET SCHEMA PUBLIC
DISCONNECT
/*C8086*/SET SCHEMA PUBLIC
DISCONNECT
/*C8087*/SET SCHEMA PUBLIC
DISCONNECT
/*C8088*/SET SCHEMA PUBLIC
DISCONNECT
/*C8089*/SET SCHEMA PUBLIC
DISCONNECT
/*C8090*/SET SCHEMA PUBLIC
DISCONNECT
/*C8091*/SET SCHEMA PUBLIC
DISCONNECT
/*C8092*/SET SCHEMA PUBLIC
DISCONNECT
/*C8093*/SET SCHEMA PUBLIC
DISCONNECT
/*C8094*/SET SCHEMA PUBLIC
DISCONNECT
/*C8095*/SET SCHEMA PUBLIC
DISCONNECT
/*C8096*/SET SCHEMA PUBLIC
DISCONNECT
/*C8097*/SET SCHEMA PUBLIC
DISCONNECT
/*C8098*/SET SCHEMA PUBLIC
DISCONNECT
/*C8099*/SET SCHEMA PUBLIC
DISCONNECT
/*C8100*/SET SCHEMA PUBLIC
DISCONNECT
/*C8101*/SET SCHEMA PUBLIC
DISCONNECT
/*C8102*/SET SCHEMA PUBLIC
DISCONNECT
/*C8103*/SET SCHEMA PUBLIC
DISCONNECT
/*C8104*/SET SCHEMA PUBLIC
DISCONNECT
/*C8105*/SET SCHEMA PUBLIC
DISCONNECT
/*C8106*/SET SCHEMA PUBLIC
DISCONNECT
/*C8107*/SET SCHEMA PUBLIC
DISCONNECT
/*C8108*/SET SCHEMA PUBLIC
DISCONNECT
/*C8109*/SET SCHEMA PUBLIC
DISCONNECT
/*C8110*/SET SCHEMA PUBLIC
DISCONNECT
/*C8111*/SET SCHEMA PUBLIC
DISCONNECT
/*C8112*/SET SCHEMA PUBLIC
DISCONNECT
/*C8113*/SET SCHEMA PUBLIC
DISCONNECT
/*C8114*/SET SCHEMA PUBLIC
DISCONNECT
/*C8115*/SET SCHEMA PUBLIC
DISCONNECT
/*C8116*/SET SCHEMA PUBLIC
DISCONNECT
/*C8117*/SET SCHEMA PUBLIC
DISCONNECT
/*C8118*/SET SCHEMA PUBLIC
DISCONNECT
/*C8119*/SET SCHEMA PUBLIC
DISCONNECT
/*C8120*/SET SCHEMA PUBLIC
DISCONNECT
/*C8121*/SET SCHEMA PUBLIC
DISCONNECT
/*C8122*/SET SCHEMA PUBLIC
DISCONNECT
/*C8123*/SET SCHEMA PUBLIC
DISCONNECT
/*C8124*/SET SCHEMA PUBLIC
DISCONNECT
/*C8125*/SET SCHEMA PUBLIC
DISCONNECT
/*C8126*/SET SCHEMA PUBLIC
DISCONNECT
/*C8127*/SET SCHEMA PUBLIC
DISCONNECT
/*C8128*/SET SCHEMA PUBLIC
DISCONNECT
/*C8129*/SET SCHEMA PUBLIC
DISCONNECT
/*C8130*/SET SCHEMA PUBLIC
DISCONNECT
/*C8131*/SET SCHEMA PUBLIC
DISCONNECT
/*C8132*/SET SCHEMA PUBLIC
DISCONNECT
/*C8133*/SET SCHEMA PUBLIC
DISCONNECT
/*C8134*/SET SCHEMA PUBLIC
DISCONNECT
/*C8135*/SET SCHEMA PUBLIC
DISCONNECT
/*C8136*/SET SCHEMA PUBLIC
DISCONNECT
/*C8137*/SET SCHEMA PUBLIC
DISCONNECT
/*C8138*/SET SCHEMA PUBLIC
DISCONNECT
/*C8139*/SET SCHEMA PUBLIC
DISCONNECT
/*C8140*/SET SCHEMA PUBLIC
DISCONNECT
/*C8141*/SET SCHEMA PUBLIC
DISCONNECT
/*C8142*/SET SCHEMA PUBLIC
DISCONNECT
/*C8143*/SET SCHEMA PUBLIC
DISCONNECT
/*C8144*/SET SCHEMA PUBLIC
DISCONNECT
/*C8145*/SET SCHEMA PUBLIC
DISCONNECT
/*C8146*/SET SCHEMA PUBLIC
DISCONNECT
/*C8147*/SET SCHEMA PUBLIC
DISCONNECT
/*C8148*/SET SCHEMA PUBLIC
DISCONNECT
/*C8149*/SET SCHEMA PUBLIC
DISCONNECT
/*C8150*/SET SCHEMA PUBLIC
DISCONNECT
/*C8151*/SET SCHEMA PUBLIC
DISCONNECT
/*C8152*/SET SCHEMA PUBLIC
DISCONNECT
/*C8153*/SET SCHEMA PUBLIC
DISCONNECT
/*C8154*/SET SCHEMA PUBLIC
DISCONNECT
/*C8155*/SET SCHEMA PUBLIC
DISCONNECT
/*C8156*/SET SCHEMA PUBLIC
DISCONNECT
/*C8157*/SET SCHEMA PUBLIC
DISCONNECT
/*C8158*/SET SCHEMA PUBLIC
DISCONNECT
/*C8159*/SET SCHEMA PUBLIC
DISCONNECT
/*C8160*/SET SCHEMA PUBLIC
DISCONNECT
/*C8161*/SET SCHEMA PUBLIC
DISCONNECT
/*C8162*/SET SCHEMA PUBLIC
DISCONNECT
/*C8163*/SET SCHEMA PUBLIC
DISCONNECT
/*C8164*/SET SCHEMA PUBLIC
DISCONNECT
/*C8165*/SET SCHEMA PUBLIC
DISCONNECT
/*C8166*/SET SCHEMA PUBLIC
DISCONNECT
/*C8167*/SET SCHEMA PUBLIC
DISCONNECT
/*C8168*/SET SCHEMA PUBLIC
DISCONNECT
/*C8169*/SET SCHEMA PUBLIC
DISCONNECT
/*C8170*/SET SCHEMA PUBLIC
DISCONNECT
/*C8171*/SET SCHEMA PUBLIC
DISCONNECT
/*C8172*/SET SCHEMA PUBLIC
DISCONNECT
/*C8173*/SET SCHEMA PUBLIC
DISCONNECT
/*C8174*/SET SCHEMA PUBLIC
DISCONNECT
/*C8175*/SET SCHEMA PUBLIC
DISCONNECT
/*C8176*/SET SCHEMA PUBLIC
DISCONNECT
/*C8177*/SET SCHEMA PUBLIC
DISCONNECT
/*C8178*/SET SCHEMA PUBLIC
DISCONNECT
/*C8179*/SET SCHEMA PUBLIC
DISCONNECT
/*C8180*/SET SCHEMA PUBLIC
DISCONNECT
/*C8181*/SET SCHEMA PUBLIC
DISCONNECT
/*C8182*/SET SCHEMA PUBLIC
DISCONNECT
/*C8183*/SET SCHEMA PUBLIC
DISCONNECT
/*C8184*/SET SCHEMA PUBLIC
DISCONNECT
/*C8185*/SET SCHEMA PUBLIC
DISCONNECT
/*C8186*/SET SCHEMA PUBLIC
DISCONNECT
/*C8187*/SET SCHEMA PUBLIC
DISCONNECT
/*C8188*/SET SCHEMA PUBLIC
DISCONNECT
/*C8189*/SET SCHEMA PUBLIC
DISCONNECT
/*C8190*/SET SCHEMA PUBLIC
DISCONNECT
/*C8191*/SET SCHEMA PUBLIC
DISCONNECT
/*C8192*/SET SCHEMA PUBLIC
DISCONNECT
/*C8193*/SET SCHEMA PUBLIC
DISCONNECT
/*C8194*/SET SCHEMA PUBLIC
DISCONNECT
/*C8195*/SET SCHEMA PUBLIC
DISCONNECT
/*C8196*/SET SCHEMA PUBLIC
DISCONNECT
/*C8197*/SET SCHEMA PUBLIC
DISCONNECT
/*C8198*/SET SCHEMA PUBLIC
DISCONNECT
/*C8199*/SET SCHEMA PUBLIC
DISCONNECT
/*C8200*/SET SCHEMA PUBLIC
DISCONNECT
/*C8201*/SET SCHEMA PUBLIC
DISCONNECT
/*C8202*/SET SCHEMA PUBLIC
DISCONNECT
/*C8203*/SET SCHEMA PUBLIC
DISCONNECT
/*C8204*/SET SCHEMA PUBLIC
DISCONNECT
/*C8205*/SET SCHEMA PUBLIC
DISCONNECT
/*C8206*/SET SCHEMA PUBLIC
DISCONNECT
/*C8207*/SET SCHEMA PUBLIC
DISCONNECT
/*C8208*/SET SCHEMA PUBLIC
DISCONNECT
/*C8209*/SET SCHEMA PUBLIC
DISCONNECT
/*C8210*/SET SCHEMA PUBLIC
DISCONNECT
/*C8211*/SET SCHEMA PUBLIC
DISCONNECT
/*C8212*/SET SCHEMA PUBLIC
DISCONNECT
/*C8213*/SET SCHEMA PUBLIC
DISCONNECT
/*C8214*/SET SCHEMA PUBLIC
DISCONNECT
/*C8215*/SET SCHEMA PUBLIC
DISCONNECT
/*C8216*/SET SCHEMA PUBLIC
DISCONNECT
/*C8217*/SET SCHEMA PUBLIC
DISCONNECT
/*C8218*/SET SCHEMA PUBLIC
DISCONNECT
/*C8219*/SET SCHEMA PUBLIC
DISCONNECT
/*C8220*/SET SCHEMA PUBLIC
DISCONNECT
/*C8221*/SET SCHEMA PUBLIC
DISCONNECT
/*C8222*/SET SCHEMA PUBLIC
DISCONNECT
/*C8223*/SET SCHEMA PUBLIC
DISCONNECT
/*C8224*/SET SCHEMA PUBLIC
DISCONNECT
/*C8225*/SET SCHEMA PUBLIC
DISCONNECT
/*C8226*/SET SCHEMA PUBLIC
DISCONNECT
/*C8227*/SET SCHEMA PUBLIC
DISCONNECT
/*C8228*/SET SCHEMA PUBLIC
DISCONNECT
/*C8229*/SET SCHEMA PUBLIC
DISCONNECT
/*C8230*/SET SCHEMA PUBLIC
DISCONNECT
/*C8231*/SET SCHEMA PUBLIC
DISCONNECT
/*C8232*/SET SCHEMA PUBLIC
DISCONNECT
/*C8233*/SET SCHEMA PUBLIC
DISCONNECT
/*C8234*/SET SCHEMA PUBLIC
DISCONNECT
/*C8235*/SET SCHEMA PUBLIC
DISCONNECT
/*C8236*/SET SCHEMA PUBLIC
DISCONNECT
/*C8237*/SET SCHEMA PUBLIC
DISCONNECT
/*C8238*/SET SCHEMA PUBLIC
DISCONNECT
/*C8240*/SET SCHEMA PUBLIC
DISCONNECT
/*C8239*/SET SCHEMA PUBLIC
DISCONNECT
/*C8241*/SET SCHEMA PUBLIC
DISCONNECT
/*C8242*/SET SCHEMA PUBLIC
DISCONNECT
/*C8243*/SET SCHEMA PUBLIC
DISCONNECT
/*C8244*/SET SCHEMA PUBLIC
DISCONNECT
/*C8245*/SET SCHEMA PUBLIC
DISCONNECT
/*C8246*/SET SCHEMA PUBLIC
DISCONNECT
/*C8247*/SET SCHEMA PUBLIC
DISCONNECT
/*C8248*/SET SCHEMA PUBLIC
DISCONNECT
/*C8249*/SET SCHEMA PUBLIC
DISCONNECT
/*C8250*/SET SCHEMA PUBLIC
DISCONNECT
/*C8251*/SET SCHEMA PUBLIC
DISCONNECT
/*C8252*/SET SCHEMA PUBLIC
DISCONNECT
/*C8253*/SET SCHEMA PUBLIC
DISCONNECT
/*C8254*/SET SCHEMA PUBLIC
DISCONNECT
/*C8255*/SET SCHEMA PUBLIC
DISCONNECT
/*C8256*/SET SCHEMA PUBLIC
DISCONNECT
/*C8257*/SET SCHEMA PUBLIC
DISCONNECT
/*C8258*/SET SCHEMA PUBLIC
DISCONNECT
/*C8259*/SET SCHEMA PUBLIC
DISCONNECT
/*C8260*/SET SCHEMA PUBLIC
DISCONNECT
/*C8261*/SET SCHEMA PUBLIC
DISCONNECT
/*C8262*/SET SCHEMA PUBLIC
DISCONNECT
/*C8263*/SET SCHEMA PUBLIC
DISCONNECT
/*C8264*/SET SCHEMA CONTAINER
INSERT INTO LESSON_TRACKER VALUES(12,'CIA',1,0)
INSERT INTO ASSIGNMENT VALUES(13,'CIAQuiz','/cia/quiz')
INSERT INTO USER_TRACKER_LESSON_TRACKERS VALUES(0,12)
INSERT INTO LESSON_TRACKER_ALL_ASSIGNMENTS VALUES(12,13)
INSERT INTO LESSON_TRACKER_SOLVED_ASSIGNMENTS VALUES(12,13)
ALTER SEQUENCE CONTAINER.HIBERNATE_SEQUENCE RESTART WITH 14
COMMIT
SET SCHEMA PUBLIC
DISCONNECT
/*C8265*/SET SCHEMA PUBLIC
DISCONNECT
/*C8266*/SET SCHEMA PUBLIC
DISCONNECT
/*C8267*/SET SCHEMA PUBLIC
DISCONNECT
/*C8268*/SET SCHEMA PUBLIC
DISCONNECT
/*C8269*/SET SCHEMA PUBLIC
DISCONNECT
/*C8270*/SET SCHEMA PUBLIC
DISCONNECT
/*C8271*/SET SCHEMA PUBLIC
DISCONNECT
/*C8272*/SET SCHEMA PUBLIC
DISCONNECT
/*C8273*/SET SCHEMA PUBLIC
DISCONNECT
/*C8274*/SET SCHEMA PUBLIC
DISCONNECT
/*C8275*/SET SCHEMA PUBLIC
DISCONNECT
/*C8276*/SET SCHEMA PUBLIC
DISCONNECT
/*C8277*/SET SCHEMA PUBLIC
DISCONNECT
/*C8278*/SET SCHEMA PUBLIC
DISCONNECT
/*C8279*/SET SCHEMA PUBLIC
DISCONNECT
/*C8280*/SET SCHEMA PUBLIC
DISCONNECT
/*C8281*/SET SCHEMA PUBLIC
DISCONNECT
/*C8282*/SET SCHEMA PUBLIC
DISCONNECT
/*C8283*/SET SCHEMA PUBLIC
DISCONNECT
/*C8284*/SET SCHEMA PUBLIC
DISCONNECT
/*C8285*/SET SCHEMA PUBLIC
DISCONNECT
/*C8286*/SET SCHEMA PUBLIC
DISCONNECT
/*C8287*/SET SCHEMA PUBLIC
DISCONNECT
/*C8288*/SET SCHEMA PUBLIC
DISCONNECT
/*C8289*/SET SCHEMA PUBLIC
DISCONNECT
/*C8290*/SET SCHEMA PUBLIC
DISCONNECT
/*C8291*/SET SCHEMA PUBLIC
DISCONNECT
/*C8292*/SET SCHEMA PUBLIC
DISCONNECT
/*C8293*/SET SCHEMA PUBLIC
DISCONNECT
/*C8294*/SET SCHEMA PUBLIC
DISCONNECT
/*C8295*/SET SCHEMA PUBLIC
DISCONNECT
/*C8296*/SET SCHEMA PUBLIC
DISCONNECT
/*C8297*/SET SCHEMA PUBLIC
DISCONNECT
/*C8298*/SET SCHEMA PUBLIC
DISCONNECT
/*C8299*/SET SCHEMA PUBLIC
DISCONNECT
/*C8300*/SET SCHEMA PUBLIC
DISCONNECT
/*C8301*/SET SCHEMA PUBLIC
DISCONNECT
/*C8302*/SET SCHEMA PUBLIC
DISCONNECT
/*C8303*/SET SCHEMA PUBLIC
DISCONNECT
/*C8304*/SET SCHEMA PUBLIC
DISCONNECT
/*C8305*/SET SCHEMA PUBLIC
DISCONNECT
/*C8306*/SET SCHEMA PUBLIC
DISCONNECT
/*C8307*/SET SCHEMA PUBLIC
DISCONNECT
/*C8308*/SET SCHEMA PUBLIC
DISCONNECT
/*C8309*/SET SCHEMA PUBLIC
DISCONNECT
/*C8310*/SET SCHEMA PUBLIC
DISCONNECT
/*C8311*/SET SCHEMA PUBLIC
DISCONNECT
/*C8312*/SET SCHEMA PUBLIC
DISCONNECT
/*C8313*/SET SCHEMA PUBLIC
DISCONNECT
/*C8314*/SET SCHEMA PUBLIC
DISCONNECT
/*C8315*/SET SCHEMA PUBLIC
DISCONNECT
/*C8316*/SET SCHEMA PUBLIC
DISCONNECT
/*C8317*/SET SCHEMA PUBLIC
DISCONNECT
/*C8318*/SET SCHEMA PUBLIC
DISCONNECT
/*C8319*/SET SCHEMA PUBLIC
DISCONNECT
/*C8320*/SET SCHEMA PUBLIC
DISCONNECT
/*C8321*/SET SCHEMA PUBLIC
DISCONNECT
/*C8322*/SET SCHEMA PUBLIC
DISCONNECT
/*C8323*/SET SCHEMA PUBLIC
DISCONNECT
/*C8324*/SET SCHEMA PUBLIC
DISCONNECT
/*C8325*/SET SCHEMA PUBLIC
DISCONNECT
/*C8326*/SET SCHEMA PUBLIC
DISCONNECT
/*C8327*/SET SCHEMA PUBLIC
DISCONNECT
/*C8328*/SET SCHEMA PUBLIC
DISCONNECT
/*C8329*/SET SCHEMA PUBLIC
DISCONNECT
/*C8330*/SET SCHEMA PUBLIC
DISCONNECT
/*C8331*/SET SCHEMA PUBLIC
DISCONNECT
/*C8332*/SET SCHEMA PUBLIC
DISCONNECT
/*C8333*/SET SCHEMA PUBLIC
DISCONNECT
/*C8334*/SET SCHEMA PUBLIC
DISCONNECT
/*C8335*/SET SCHEMA PUBLIC
DISCONNECT
/*C8336*/SET SCHEMA PUBLIC
DISCONNECT
/*C8337*/SET SCHEMA PUBLIC
DISCONNECT
/*C8338*/SET SCHEMA PUBLIC
DISCONNECT
/*C8339*/SET SCHEMA PUBLIC
DISCONNECT
/*C8340*/SET SCHEMA PUBLIC
DISCONNECT
/*C8341*/SET SCHEMA PUBLIC
DISCONNECT
/*C8342*/SET SCHEMA PUBLIC
DISCONNECT
/*C8343*/SET SCHEMA PUBLIC
DISCONNECT
/*C8344*/SET SCHEMA PUBLIC
DISCONNECT
/*C8345*/SET SCHEMA PUBLIC
DISCONNECT
/*C8346*/SET SCHEMA PUBLIC
DISCONNECT
/*C8347*/SET SCHEMA PUBLIC
DISCONNECT
/*C8348*/SET SCHEMA PUBLIC
DISCONNECT
/*C8349*/SET SCHEMA PUBLIC
DISCONNECT
/*C8350*/SET SCHEMA PUBLIC
DISCONNECT
/*C8351*/SET SCHEMA PUBLIC
DISCONNECT
/*C8352*/SET SCHEMA PUBLIC
DISCONNECT
/*C8353*/SET SCHEMA PUBLIC
DISCONNECT
/*C8354*/SET SCHEMA PUBLIC
DISCONNECT
/*C8355*/SET SCHEMA PUBLIC
DISCONNECT
/*C8356*/SET SCHEMA PUBLIC
DISCONNECT
/*C8357*/SET SCHEMA PUBLIC
DISCONNECT
/*C8358*/SET SCHEMA PUBLIC
DISCONNECT
/*C8359*/SET SCHEMA PUBLIC
DISCONNECT
/*C8360*/SET SCHEMA PUBLIC
DISCONNECT
/*C8361*/SET SCHEMA PUBLIC
DISCONNECT
/*C8362*/SET SCHEMA PUBLIC
DISCONNECT
/*C8363*/SET SCHEMA PUBLIC
DISCONNECT
/*C8364*/SET SCHEMA PUBLIC
DISCONNECT
/*C8365*/SET SCHEMA PUBLIC
DISCONNECT
/*C8366*/SET SCHEMA PUBLIC
DISCONNECT
/*C8367*/SET SCHEMA PUBLIC
DISCONNECT
/*C8368*/SET SCHEMA PUBLIC
DISCONNECT
/*C8369*/SET SCHEMA PUBLIC
DISCONNECT
/*C8370*/SET SCHEMA PUBLIC
DISCONNECT
/*C8371*/SET SCHEMA PUBLIC
DISCONNECT
/*C8372*/SET SCHEMA PUBLIC
DISCONNECT
/*C8373*/SET SCHEMA PUBLIC
DISCONNECT
/*C8374*/SET SCHEMA PUBLIC
DISCONNECT
/*C8375*/SET SCHEMA PUBLIC
DISCONNECT
/*C8376*/SET SCHEMA PUBLIC
DISCONNECT
/*C8377*/SET SCHEMA PUBLIC
DISCONNECT
/*C8378*/SET SCHEMA PUBLIC
DISCONNECT
/*C8379*/SET SCHEMA PUBLIC
DISCONNECT
/*C8380*/SET SCHEMA PUBLIC
DISCONNECT
/*C8381*/SET SCHEMA PUBLIC
DISCONNECT
/*C8382*/SET SCHEMA PUBLIC
DISCONNECT
/*C8383*/SET SCHEMA PUBLIC
DISCONNECT
/*C8384*/SET SCHEMA PUBLIC
DISCONNECT
/*C8385*/SET SCHEMA PUBLIC
DISCONNECT
/*C8386*/SET SCHEMA PUBLIC
DISCONNECT
/*C8387*/SET SCHEMA PUBLIC
DISCONNECT
/*C8388*/SET SCHEMA PUBLIC
DISCONNECT
/*C8389*/SET SCHEMA PUBLIC
DISCONNECT
/*C8390*/SET SCHEMA CONTAINER
INSERT INTO LESSON_TRACKER VALUES(14,'Crypto',1,0)
INSERT INTO ASSIGNMENT VALUES(15,'SigningAssignment','/crypto/signing/verify')
INSERT INTO ASSIGNMENT VALUES(16,'HashingAssignment','/crypto/hashing')
INSERT INTO ASSIGNMENT VALUES(17,'SecureDefaultsAssignment','/crypto/secure/defaults')
INSERT INTO ASSIGNMENT VALUES(18,'XOREncodingAssignment','/crypto/encoding/xor')
INSERT INTO ASSIGNMENT VALUES(19,'EncodingAssignment','/crypto/encoding/basic-auth')
INSERT INTO USER_TRACKER_LESSON_TRACKERS VALUES(0,14)
INSERT INTO LESSON_TRACKER_ALL_ASSIGNMENTS VALUES(14,18)
INSERT INTO LESSON_TRACKER_ALL_ASSIGNMENTS VALUES(14,16)
INSERT INTO LESSON_TRACKER_ALL_ASSIGNMENTS VALUES(14,19)
INSERT INTO LESSON_TRACKER_ALL_ASSIGNMENTS VALUES(14,17)
INSERT INTO LESSON_TRACKER_ALL_ASSIGNMENTS VALUES(14,15)
INSERT INTO LESSON_TRACKER_SOLVED_ASSIGNMENTS VALUES(14,19)
ALTER SEQUENCE CONTAINER.HIBERNATE_SEQUENCE RESTART WITH 20
COMMIT
SET SCHEMA PUBLIC
DISCONNECT
/*C8391*/SET SCHEMA PUBLIC
DISCONNECT
/*C8392*/SET SCHEMA PUBLIC
DISCONNECT
/*C8393*/SET SCHEMA PUBLIC
DISCONNECT
/*C8394*/SET SCHEMA PUBLIC
DISCONNECT
/*C8395*/SET SCHEMA PUBLIC
DISCONNECT
/*C8396*/SET SCHEMA PUBLIC
DISCONNECT
/*C8397*/SET SCHEMA PUBLIC
DISCONNECT
/*C8398*/SET SCHEMA PUBLIC
DISCONNECT
/*C8399*/SET SCHEMA PUBLIC
DISCONNECT
/*C8400*/SET SCHEMA PUBLIC
DISCONNECT
/*C8401*/SET SCHEMA PUBLIC
DISCONNECT
/*C8402*/SET SCHEMA PUBLIC
DISCONNECT
/*C8403*/SET SCHEMA PUBLIC
DISCONNECT
/*C8404*/SET SCHEMA PUBLIC
DISCONNECT
/*C8405*/SET SCHEMA PUBLIC
DISCONNECT
/*C8406*/SET SCHEMA PUBLIC
DISCONNECT
/*C8407*/SET SCHEMA PUBLIC
DISCONNECT
/*C8408*/SET SCHEMA PUBLIC
DISCONNECT
/*C8409*/SET SCHEMA PUBLIC
DISCONNECT
/*C8410*/SET SCHEMA PUBLIC
DISCONNECT
/*C8411*/SET SCHEMA PUBLIC
DISCONNECT
/*C8412*/SET SCHEMA PUBLIC
DISCONNECT
/*C8413*/SET SCHEMA PUBLIC
DISCONNECT
/*C8414*/SET SCHEMA PUBLIC
DISCONNECT
/*C8415*/SET SCHEMA PUBLIC
DISCONNECT
/*C8416*/SET SCHEMA PUBLIC
DISCONNECT
/*C8417*/SET SCHEMA PUBLIC
DISCONNECT
/*C8418*/SET SCHEMA PUBLIC
DISCONNECT
/*C8419*/SET SCHEMA PUBLIC
DISCONNECT
/*C8420*/SET SCHEMA PUBLIC
DISCONNECT
/*C8421*/SET SCHEMA PUBLIC
DISCONNECT
/*C8422*/SET SCHEMA PUBLIC
DISCONNECT
/*C8423*/SET SCHEMA PUBLIC
DISCONNECT
/*C8424*/SET SCHEMA PUBLIC
DISCONNECT
/*C8425*/SET SCHEMA PUBLIC
DISCONNECT
/*C8426*/SET SCHEMA PUBLIC
DISCONNECT
/*C8427*/SET SCHEMA PUBLIC
DISCONNECT
/*C8428*/SET SCHEMA PUBLIC
DISCONNECT
/*C8429*/SET SCHEMA PUBLIC
DISCONNECT
/*C8430*/SET SCHEMA PUBLIC
DISCONNECT
/*C8431*/SET SCHEMA PUBLIC
DISCONNECT
/*C8432*/SET SCHEMA PUBLIC
DISCONNECT
/*C8433*/SET SCHEMA PUBLIC
DISCONNECT
/*C8434*/SET SCHEMA PUBLIC
DISCONNECT
/*C8435*/SET SCHEMA PUBLIC
DISCONNECT
/*C8436*/SET SCHEMA PUBLIC
DISCONNECT
/*C8437*/SET SCHEMA PUBLIC
DISCONNECT
/*C8438*/SET SCHEMA PUBLIC
DISCONNECT
/*C8439*/SET SCHEMA PUBLIC
DISCONNECT
/*C8440*/SET SCHEMA PUBLIC
DISCONNECT
/*C8441*/SET SCHEMA PUBLIC
DISCONNECT
/*C8442*/SET SCHEMA PUBLIC
DISCONNECT
/*C8443*/SET SCHEMA PUBLIC
DISCONNECT
/*C8444*/SET SCHEMA PUBLIC
DISCONNECT
/*C8445*/SET SCHEMA PUBLIC
DISCONNECT
/*C8446*/SET SCHEMA PUBLIC
DISCONNECT
/*C8447*/SET SCHEMA PUBLIC
DISCONNECT
/*C8448*/SET SCHEMA PUBLIC
DISCONNECT
/*C8449*/SET SCHEMA PUBLIC
DISCONNECT
/*C8450*/SET SCHEMA PUBLIC
DISCONNECT
/*C8451*/SET SCHEMA PUBLIC
DISCONNECT
/*C8452*/SET SCHEMA PUBLIC
DISCONNECT
/*C8453*/SET SCHEMA PUBLIC
DISCONNECT
/*C8454*/SET SCHEMA PUBLIC
DISCONNECT
/*C8455*/SET SCHEMA PUBLIC
DISCONNECT
/*C8456*/SET SCHEMA PUBLIC
DISCONNECT
/*C8457*/SET SCHEMA PUBLIC
DISCONNECT
/*C8458*/SET SCHEMA PUBLIC
DISCONNECT
/*C8459*/SET SCHEMA PUBLIC
DISCONNECT
/*C8460*/SET SCHEMA PUBLIC
DISCONNECT
/*C8461*/SET SCHEMA PUBLIC
DISCONNECT
/*C8462*/SET SCHEMA PUBLIC
DISCONNECT
/*C8463*/SET SCHEMA PUBLIC
DISCONNECT
/*C8464*/SET SCHEMA PUBLIC
DISCONNECT
/*C8465*/SET SCHEMA PUBLIC
DISCONNECT
/*C8466*/SET SCHEMA PUBLIC
DISCONNECT
/*C8467*/SET SCHEMA PUBLIC
DISCONNECT
/*C8468*/SET SCHEMA PUBLIC
DISCONNECT
/*C8469*/SET SCHEMA PUBLIC
DISCONNECT
/*C8470*/SET SCHEMA PUBLIC
DISCONNECT
/*C8471*/SET SCHEMA PUBLIC
DISCONNECT
/*C8472*/SET SCHEMA PUBLIC
DISCONNECT
/*C8473*/SET SCHEMA PUBLIC
DISCONNECT
/*C8474*/SET SCHEMA PUBLIC
DISCONNECT
/*C8475*/SET SCHEMA PUBLIC
DISCONNECT
/*C8476*/SET SCHEMA PUBLIC
DISCONNECT
/*C8477*/SET SCHEMA PUBLIC
DISCONNECT
/*C8478*/SET SCHEMA PUBLIC
DISCONNECT
/*C8479*/SET SCHEMA PUBLIC
DISCONNECT
/*C8480*/SET SCHEMA PUBLIC
DISCONNECT
/*C8481*/SET SCHEMA PUBLIC
DISCONNECT
/*C8482*/SET SCHEMA PUBLIC
DISCONNECT
/*C8483*/SET SCHEMA PUBLIC
DISCONNECT
/*C8484*/SET SCHEMA PUBLIC
DISCONNECT
/*C8485*/SET SCHEMA PUBLIC
DISCONNECT
/*C8486*/SET SCHEMA PUBLIC
DISCONNECT
/*C8487*/SET SCHEMA PUBLIC
DISCONNECT
/*C8488*/SET SCHEMA PUBLIC
DISCONNECT
/*C8489*/SET SCHEMA PUBLIC
DISCONNECT
/*C8490*/SET SCHEMA PUBLIC
DISCONNECT
/*C8491*/SET SCHEMA PUBLIC
DISCONNECT
/*C8492*/SET SCHEMA PUBLIC
DISCONNECT
/*C8493*/SET SCHEMA PUBLIC
DISCONNECT
/*C8494*/SET SCHEMA PUBLIC
DISCONNECT
/*C8495*/SET SCHEMA PUBLIC
DISCONNECT
/*C8496*/SET SCHEMA PUBLIC
DISCONNECT
/*C8497*/SET SCHEMA PUBLIC
DISCONNECT
/*C8498*/SET SCHEMA PUBLIC
DISCONNECT
/*C8499*/SET SCHEMA PUBLIC
DISCONNECT
/*C8500*/SET SCHEMA PUBLIC
DISCONNECT
/*C8501*/SET SCHEMA PUBLIC
DISCONNECT
/*C8502*/SET SCHEMA PUBLIC
DISCONNECT
/*C8503*/SET SCHEMA PUBLIC
DISCONNECT
/*C8504*/SET SCHEMA PUBLIC
DISCONNECT
/*C8505*/SET SCHEMA PUBLIC
DISCONNECT
/*C8506*/SET SCHEMA PUBLIC
DISCONNECT
/*C8507*/SET SCHEMA PUBLIC
DISCONNECT
/*C8508*/SET SCHEMA PUBLIC
DISCONNECT
/*C8509*/SET SCHEMA PUBLIC
DISCONNECT
/*C8510*/SET SCHEMA PUBLIC
DISCONNECT
/*C8511*/SET SCHEMA PUBLIC
DISCONNECT
/*C8512*/SET SCHEMA PUBLIC
DISCONNECT
/*C8513*/SET SCHEMA PUBLIC
DISCONNECT
/*C8514*/SET SCHEMA PUBLIC
DISCONNECT
/*C8515*/SET SCHEMA PUBLIC
DISCONNECT
/*C8516*/SET SCHEMA PUBLIC
DISCONNECT
/*C8517*/SET SCHEMA PUBLIC
DISCONNECT
/*C8518*/SET SCHEMA PUBLIC
DISCONNECT
/*C8519*/SET SCHEMA PUBLIC
DISCONNECT
/*C8520*/SET SCHEMA PUBLIC
DISCONNECT
/*C8521*/SET SCHEMA PUBLIC
DISCONNECT
/*C8522*/SET SCHEMA PUBLIC
DISCONNECT
/*C8523*/SET SCHEMA PUBLIC
DISCONNECT
/*C8524*/SET SCHEMA PUBLIC
DISCONNECT
/*C8525*/SET SCHEMA PUBLIC
DISCONNECT
/*C8526*/SET SCHEMA PUBLIC
DISCONNECT
/*C8527*/SET SCHEMA PUBLIC
DISCONNECT
/*C8528*/SET SCHEMA PUBLIC
DISCONNECT
/*C8529*/SET SCHEMA PUBLIC
DISCONNECT
/*C8530*/SET SCHEMA PUBLIC
DISCONNECT
/*C8531*/SET SCHEMA PUBLIC
DISCONNECT
/*C8532*/SET SCHEMA PUBLIC
DISCONNECT
/*C8533*/SET SCHEMA PUBLIC
DISCONNECT
/*C8534*/SET SCHEMA PUBLIC
DISCONNECT
/*C8535*/SET SCHEMA PUBLIC
DISCONNECT
/*C8536*/SET SCHEMA PUBLIC
DISCONNECT
/*C8537*/SET SCHEMA PUBLIC
DISCONNECT
/*C8538*/SET SCHEMA PUBLIC
DISCONNECT
/*C8539*/SET SCHEMA PUBLIC
DISCONNECT
/*C8540*/SET SCHEMA PUBLIC
DISCONNECT
/*C8541*/SET SCHEMA PUBLIC
DISCONNECT
/*C8542*/SET SCHEMA PUBLIC
DISCONNECT
/*C8543*/SET SCHEMA PUBLIC
DISCONNECT
/*C8544*/SET SCHEMA PUBLIC
DISCONNECT
/*C8545*/SET SCHEMA PUBLIC
DISCONNECT
/*C8546*/SET SCHEMA PUBLIC
DISCONNECT
/*C8547*/SET SCHEMA PUBLIC
DISCONNECT
/*C8548*/SET SCHEMA PUBLIC
DISCONNECT
/*C8549*/SET SCHEMA PUBLIC
DISCONNECT
/*C8550*/SET SCHEMA PUBLIC
DISCONNECT
/*C8551*/SET SCHEMA PUBLIC
DISCONNECT
/*C8552*/SET SCHEMA PUBLIC
DISCONNECT
/*C8553*/SET SCHEMA PUBLIC
DISCONNECT
/*C8554*/SET SCHEMA PUBLIC
DISCONNECT
/*C8555*/SET SCHEMA PUBLIC
DISCONNECT
/*C8556*/SET SCHEMA PUBLIC
DISCONNECT
/*C8557*/SET SCHEMA PUBLIC
DISCONNECT
/*C8558*/SET SCHEMA PUBLIC
DISCONNECT
/*C8559*/SET SCHEMA PUBLIC
DISCONNECT
/*C8560*/SET SCHEMA PUBLIC
DISCONNECT
/*C8561*/SET SCHEMA PUBLIC
DISCONNECT
/*C8562*/SET SCHEMA PUBLIC
DISCONNECT
/*C8563*/SET SCHEMA PUBLIC
DISCONNECT
/*C8564*/SET SCHEMA PUBLIC
DISCONNECT
/*C8565*/SET SCHEMA PUBLIC
DISCONNECT
/*C8566*/SET SCHEMA PUBLIC
DISCONNECT
/*C8567*/SET SCHEMA PUBLIC
DISCONNECT
/*C8568*/SET SCHEMA PUBLIC
DISCONNECT
/*C8569*/SET SCHEMA PUBLIC
DISCONNECT
/*C8570*/SET SCHEMA PUBLIC
DISCONNECT
/*C8571*/SET SCHEMA PUBLIC
DISCONNECT
/*C8572*/SET SCHEMA PUBLIC
DISCONNECT
/*C8573*/SET SCHEMA PUBLIC
DISCONNECT
/*C8574*/SET SCHEMA PUBLIC
DISCONNECT
/*C8575*/SET SCHEMA PUBLIC
DISCONNECT
/*C8576*/SET SCHEMA PUBLIC
DISCONNECT
/*C8577*/SET SCHEMA PUBLIC
DISCONNECT
/*C8578*/SET SCHEMA PUBLIC
DISCONNECT
/*C8579*/SET SCHEMA PUBLIC
DISCONNECT
/*C8580*/SET SCHEMA PUBLIC
DISCONNECT
/*C8581*/SET SCHEMA PUBLIC
DISCONNECT
/*C8582*/SET SCHEMA PUBLIC
DISCONNECT
/*C8583*/SET SCHEMA PUBLIC
DISCONNECT
/*C8584*/SET SCHEMA PUBLIC
DISCONNECT
/*C8585*/SET SCHEMA PUBLIC
DISCONNECT
/*C8586*/SET SCHEMA PUBLIC
DISCONNECT
/*C8587*/SET SCHEMA PUBLIC
DISCONNECT
/*C8588*/SET SCHEMA PUBLIC
DISCONNECT
/*C8589*/SET SCHEMA PUBLIC
DISCONNECT
/*C8590*/SET SCHEMA PUBLIC
DISCONNECT
/*C8591*/SET SCHEMA PUBLIC
DISCONNECT
/*C8592*/SET SCHEMA PUBLIC
DISCONNECT
/*C8593*/SET SCHEMA PUBLIC
DISCONNECT
/*C8594*/SET SCHEMA PUBLIC
DISCONNECT
/*C8595*/SET SCHEMA PUBLIC
DISCONNECT
/*C8596*/SET SCHEMA PUBLIC
DISCONNECT
/*C8597*/SET SCHEMA PUBLIC
DISCONNECT
/*C8598*/SET SCHEMA PUBLIC
DISCONNECT
/*C8599*/SET SCHEMA PUBLIC
DISCONNECT
/*C8600*/SET SCHEMA PUBLIC
DISCONNECT
/*C8601*/SET SCHEMA PUBLIC
DISCONNECT
/*C8602*/SET SCHEMA PUBLIC
DISCONNECT
/*C8603*/SET SCHEMA PUBLIC
DISCONNECT
/*C8604*/SET SCHEMA PUBLIC
DISCONNECT
/*C8605*/SET SCHEMA PUBLIC
DISCONNECT
/*C8606*/SET SCHEMA PUBLIC
DISCONNECT
/*C8607*/SET SCHEMA PUBLIC
DISCONNECT
/*C8608*/SET SCHEMA PUBLIC
DISCONNECT
/*C8609*/SET SCHEMA PUBLIC
DISCONNECT
/*C8610*/SET SCHEMA PUBLIC
DISCONNECT
/*C8611*/SET SCHEMA PUBLIC
DISCONNECT
/*C8612*/SET SCHEMA PUBLIC
DISCONNECT
/*C8613*/SET SCHEMA PUBLIC
DISCONNECT
/*C8614*/SET SCHEMA CONTAINER
DELETE FROM LESSON_TRACKER WHERE ID=14
INSERT INTO LESSON_TRACKER VALUES(14,'Crypto',2,1)
INSERT INTO LESSON_TRACKER_SOLVED_ASSIGNMENTS VALUES(14,18)
COMMIT
SET SCHEMA PUBLIC
DISCONNECT
/*C8615*/SET SCHEMA PUBLIC
DISCONNECT
/*C8616*/SET SCHEMA PUBLIC
DISCONNECT
/*C8617*/SET SCHEMA PUBLIC
DISCONNECT
/*C8618*/SET SCHEMA PUBLIC
DISCONNECT
/*C8619*/SET SCHEMA PUBLIC
DISCONNECT
/*C8620*/SET SCHEMA PUBLIC
DISCONNECT
/*C8621*/SET SCHEMA PUBLIC
DISCONNECT
/*C8622*/SET SCHEMA PUBLIC
DISCONNECT
/*C8623*/SET SCHEMA PUBLIC
DISCONNECT
/*C8624*/SET SCHEMA PUBLIC
DISCONNECT
/*C8625*/SET SCHEMA PUBLIC
DISCONNECT
/*C8626*/SET SCHEMA PUBLIC
DISCONNECT
/*C8627*/SET SCHEMA PUBLIC
DISCONNECT
/*C8628*/SET SCHEMA PUBLIC
DISCONNECT
/*C8629*/SET SCHEMA PUBLIC
DISCONNECT
/*C8630*/SET SCHEMA PUBLIC
DISCONNECT
/*C8631*/SET SCHEMA PUBLIC
DISCONNECT
/*C8632*/SET SCHEMA PUBLIC
DISCONNECT
/*C8633*/SET SCHEMA PUBLIC
DISCONNECT
/*C8634*/SET SCHEMA PUBLIC
DISCONNECT
/*C8635*/SET SCHEMA PUBLIC
DISCONNECT
/*C8636*/SET SCHEMA PUBLIC
DISCONNECT
/*C8637*/SET SCHEMA PUBLIC
DISCONNECT
/*C8638*/SET SCHEMA PUBLIC
DISCONNECT
/*C8639*/SET SCHEMA PUBLIC
DISCONNECT
/*C8640*/SET SCHEMA PUBLIC
DISCONNECT
/*C8641*/SET SCHEMA PUBLIC
DISCONNECT
/*C8642*/SET SCHEMA PUBLIC
DISCONNECT
/*C8643*/SET SCHEMA PUBLIC
DISCONNECT
/*C8644*/SET SCHEMA PUBLIC
DISCONNECT
/*C8645*/SET SCHEMA PUBLIC
DISCONNECT
/*C8646*/SET SCHEMA PUBLIC
DISCONNECT
/*C8647*/SET SCHEMA PUBLIC
DISCONNECT
/*C8648*/SET SCHEMA PUBLIC
DISCONNECT
/*C8649*/SET SCHEMA PUBLIC
DISCONNECT
/*C8650*/SET SCHEMA PUBLIC
DISCONNECT
/*C8651*/SET SCHEMA PUBLIC
DISCONNECT
/*C8652*/SET SCHEMA PUBLIC
DISCONNECT
/*C8653*/SET SCHEMA PUBLIC
DISCONNECT
/*C8654*/SET SCHEMA PUBLIC
DISCONNECT
/*C8655*/SET SCHEMA PUBLIC
DISCONNECT
/*C8656*/SET SCHEMA PUBLIC
DISCONNECT
/*C8657*/SET SCHEMA PUBLIC
DISCONNECT
/*C8658*/SET SCHEMA PUBLIC
DISCONNECT
/*C8659*/SET SCHEMA PUBLIC
DISCONNECT
/*C8660*/SET SCHEMA PUBLIC
DISCONNECT
/*C8661*/SET SCHEMA PUBLIC
DISCONNECT
/*C8662*/SET SCHEMA PUBLIC
DISCONNECT
/*C8663*/SET SCHEMA PUBLIC
DISCONNECT
/*C8664*/SET SCHEMA PUBLIC
DISCONNECT
/*C8665*/SET SCHEMA PUBLIC
DISCONNECT
/*C8666*/SET SCHEMA PUBLIC
DISCONNECT
/*C8667*/SET SCHEMA PUBLIC
DISCONNECT
/*C8668*/SET SCHEMA PUBLIC
DISCONNECT
/*C8669*/SET SCHEMA PUBLIC
DISCONNECT
/*C8670*/SET SCHEMA PUBLIC
DISCONNECT
/*C8671*/SET SCHEMA PUBLIC
DISCONNECT
/*C8672*/SET SCHEMA PUBLIC
DISCONNECT
/*C8673*/SET SCHEMA PUBLIC
DISCONNECT
/*C8674*/SET SCHEMA PUBLIC
DISCONNECT
/*C8675*/SET SCHEMA PUBLIC
DISCONNECT
/*C8676*/SET SCHEMA PUBLIC
DISCONNECT
/*C8677*/SET SCHEMA PUBLIC
DISCONNECT
/*C8678*/SET SCHEMA PUBLIC
DISCONNECT
/*C8679*/SET SCHEMA PUBLIC
DISCONNECT
/*C8680*/SET SCHEMA PUBLIC
DISCONNECT
/*C8681*/SET SCHEMA PUBLIC
DISCONNECT
/*C8682*/SET SCHEMA PUBLIC
DISCONNECT
/*C8683*/SET SCHEMA PUBLIC
DISCONNECT
/*C8684*/SET SCHEMA PUBLIC
DISCONNECT
/*C8685*/SET SCHEMA PUBLIC
DISCONNECT
/*C8686*/SET SCHEMA PUBLIC
DISCONNECT
/*C8687*/SET SCHEMA PUBLIC
DISCONNECT
/*C8688*/SET SCHEMA PUBLIC
DISCONNECT
/*C8689*/SET SCHEMA PUBLIC
DISCONNECT
/*C8690*/SET SCHEMA PUBLIC
DISCONNECT
/*C8691*/SET SCHEMA PUBLIC
DISCONNECT
/*C8692*/SET SCHEMA PUBLIC
DISCONNECT
/*C8693*/SET SCHEMA PUBLIC
DISCONNECT
/*C8694*/SET SCHEMA PUBLIC
DISCONNECT
/*C8695*/SET SCHEMA PUBLIC
DISCONNECT
/*C8696*/SET SCHEMA PUBLIC
DISCONNECT
/*C8697*/SET SCHEMA PUBLIC
DISCONNECT
/*C8698*/SET SCHEMA PUBLIC
DISCONNECT
/*C8699*/SET SCHEMA PUBLIC
DISCONNECT
/*C8700*/SET SCHEMA PUBLIC
DISCONNECT
/*C8701*/SET SCHEMA PUBLIC
DISCONNECT
/*C8702*/SET SCHEMA PUBLIC
DISCONNECT
/*C8703*/SET SCHEMA PUBLIC
DISCONNECT
/*C8704*/SET SCHEMA PUBLIC
DISCONNECT
/*C8705*/SET SCHEMA PUBLIC
DISCONNECT
/*C8706*/SET SCHEMA PUBLIC
DISCONNECT
/*C8707*/SET SCHEMA PUBLIC
DISCONNECT
/*C8708*/SET SCHEMA PUBLIC
DISCONNECT
/*C8709*/SET SCHEMA PUBLIC
DISCONNECT
/*C8710*/SET SCHEMA PUBLIC
DISCONNECT
/*C8711*/SET SCHEMA PUBLIC
DISCONNECT
/*C8712*/SET SCHEMA PUBLIC
DISCONNECT
/*C8713*/SET SCHEMA PUBLIC
DISCONNECT
/*C8714*/SET SCHEMA PUBLIC
DISCONNECT
/*C8715*/SET SCHEMA PUBLIC
DISCONNECT
/*C8716*/SET SCHEMA PUBLIC
DISCONNECT
/*C8717*/SET SCHEMA PUBLIC
DISCONNECT
/*C8718*/SET SCHEMA PUBLIC
DISCONNECT
/*C8719*/SET SCHEMA PUBLIC
DISCONNECT
/*C8720*/SET SCHEMA PUBLIC
DISCONNECT
/*C8721*/SET SCHEMA PUBLIC
DISCONNECT
/*C8722*/SET SCHEMA PUBLIC
DISCONNECT
/*C8723*/SET SCHEMA PUBLIC
DISCONNECT
/*C8724*/SET SCHEMA PUBLIC
DISCONNECT
/*C8725*/SET SCHEMA PUBLIC
DISCONNECT
/*C8726*/SET SCHEMA PUBLIC
DISCONNECT
/*C8727*/SET SCHEMA PUBLIC
DISCONNECT
/*C8728*/SET SCHEMA PUBLIC
DISCONNECT
/*C8729*/SET SCHEMA PUBLIC
DISCONNECT
/*C8730*/SET SCHEMA PUBLIC
DISCONNECT
/*C8731*/SET SCHEMA PUBLIC
DISCONNECT
/*C8732*/SET SCHEMA PUBLIC
DISCONNECT
/*C8733*/SET SCHEMA PUBLIC
DISCONNECT
/*C8734*/SET SCHEMA PUBLIC
DISCONNECT
/*C8735*/SET SCHEMA PUBLIC
DISCONNECT
/*C8736*/SET SCHEMA PUBLIC
DISCONNECT
/*C8737*/SET SCHEMA PUBLIC
DISCONNECT
/*C8738*/SET SCHEMA PUBLIC
DISCONNECT
/*C8739*/SET SCHEMA PUBLIC
DISCONNECT
/*C8740*/SET SCHEMA PUBLIC
DISCONNECT
/*C8741*/SET SCHEMA PUBLIC
DISCONNECT
/*C8742*/SET SCHEMA PUBLIC
DISCONNECT
/*C8743*/SET SCHEMA PUBLIC
DISCONNECT
/*C8744*/SET SCHEMA PUBLIC
DISCONNECT
/*C8745*/SET SCHEMA PUBLIC
DISCONNECT
/*C8746*/SET SCHEMA PUBLIC
DISCONNECT
/*C8747*/SET SCHEMA PUBLIC
DISCONNECT
/*C8748*/SET SCHEMA PUBLIC
DISCONNECT
/*C8749*/SET SCHEMA PUBLIC
DISCONNECT
/*C8750*/SET SCHEMA PUBLIC
DISCONNECT
/*C8751*/SET SCHEMA PUBLIC
DISCONNECT
/*C8752*/SET SCHEMA PUBLIC
DISCONNECT
/*C8753*/SET SCHEMA PUBLIC
DISCONNECT
/*C8754*/SET SCHEMA PUBLIC
DISCONNECT
/*C8755*/SET SCHEMA PUBLIC
DISCONNECT
/*C8756*/SET SCHEMA PUBLIC
DISCONNECT
/*C8757*/SET SCHEMA PUBLIC
DISCONNECT
/*C8758*/SET SCHEMA PUBLIC
DISCONNECT
/*C8759*/SET SCHEMA PUBLIC
DISCONNECT
/*C8760*/SET SCHEMA PUBLIC
DISCONNECT
/*C8761*/SET SCHEMA PUBLIC
DISCONNECT
/*C8762*/SET SCHEMA PUBLIC
DISCONNECT
/*C8763*/SET SCHEMA PUBLIC
DISCONNECT
/*C8764*/SET SCHEMA CONTAINER
DELETE FROM LESSON_TRACKER WHERE ID=14
INSERT INTO LESSON_TRACKER VALUES(14,'Crypto',3,2)
COMMIT
SET SCHEMA PUBLIC
DISCONNECT
/*C8765*/SET SCHEMA PUBLIC
DISCONNECT
/*C8766*/SET SCHEMA PUBLIC
DISCONNECT
/*C8767*/SET SCHEMA PUBLIC
DISCONNECT
/*C8768*/SET SCHEMA PUBLIC
DISCONNECT
/*C8769*/SET SCHEMA PUBLIC
DISCONNECT
/*C8770*/SET SCHEMA PUBLIC
DISCONNECT
/*C8771*/SET SCHEMA PUBLIC
DISCONNECT
/*C8772*/SET SCHEMA PUBLIC
DISCONNECT
/*C8773*/SET SCHEMA PUBLIC
DISCONNECT
/*C8774*/SET SCHEMA PUBLIC
DISCONNECT
/*C8775*/SET SCHEMA PUBLIC
DISCONNECT
/*C8776*/SET SCHEMA PUBLIC
DISCONNECT
/*C8777*/SET SCHEMA PUBLIC
DISCONNECT
/*C8778*/SET SCHEMA PUBLIC
DISCONNECT
/*C8779*/SET SCHEMA PUBLIC
DISCONNECT
/*C8780*/SET SCHEMA PUBLIC
DISCONNECT
/*C8781*/SET SCHEMA PUBLIC
DISCONNECT
/*C8782*/SET SCHEMA PUBLIC
DISCONNECT
/*C8783*/SET SCHEMA PUBLIC
DISCONNECT
/*C8784*/SET SCHEMA PUBLIC
DISCONNECT
/*C8785*/SET SCHEMA PUBLIC
DISCONNECT
/*C8786*/SET SCHEMA PUBLIC
DISCONNECT
/*C8787*/SET SCHEMA PUBLIC
DISCONNECT
/*C8788*/SET SCHEMA PUBLIC
DISCONNECT
/*C8789*/SET SCHEMA PUBLIC
DISCONNECT
/*C8790*/SET SCHEMA PUBLIC
DISCONNECT
/*C8791*/SET SCHEMA CONTAINER
DELETE FROM LESSON_TRACKER WHERE ID=14
INSERT INTO LESSON_TRACKER VALUES(14,'Crypto',4,3)
INSERT INTO LESSON_TRACKER_SOLVED_ASSIGNMENTS VALUES(14,16)
COMMIT
SET SCHEMA PUBLIC
DISCONNECT
/*C8792*/SET SCHEMA PUBLIC
DISCONNECT
/*C8793*/SET SCHEMA PUBLIC
DISCONNECT
/*C8794*/SET SCHEMA PUBLIC
DISCONNECT
/*C8795*/SET SCHEMA PUBLIC
DISCONNECT
/*C8796*/SET SCHEMA PUBLIC
DISCONNECT
/*C8797*/SET SCHEMA PUBLIC
DISCONNECT
/*C8798*/SET SCHEMA PUBLIC
DISCONNECT
/*C8799*/SET SCHEMA PUBLIC
DISCONNECT
/*C8800*/SET SCHEMA PUBLIC
DISCONNECT
/*C8801*/SET SCHEMA PUBLIC
DISCONNECT
/*C8802*/SET SCHEMA PUBLIC
DISCONNECT
/*C8803*/SET SCHEMA PUBLIC
DISCONNECT
/*C8804*/SET SCHEMA PUBLIC
DISCONNECT
/*C8805*/SET SCHEMA PUBLIC
DISCONNECT
/*C8806*/SET SCHEMA PUBLIC
DISCONNECT
/*C8807*/SET SCHEMA PUBLIC
DISCONNECT
/*C8808*/SET SCHEMA PUBLIC
DISCONNECT
/*C8809*/SET SCHEMA PUBLIC
DISCONNECT
/*C8810*/SET SCHEMA PUBLIC
DISCONNECT
/*C8811*/SET SCHEMA PUBLIC
DISCONNECT
/*C8812*/SET SCHEMA PUBLIC
DISCONNECT
/*C8813*/SET SCHEMA PUBLIC
DISCONNECT
/*C8814*/SET SCHEMA PUBLIC
DISCONNECT
/*C8815*/SET SCHEMA PUBLIC
DISCONNECT
/*C8816*/SET SCHEMA PUBLIC
DISCONNECT
/*C8817*/SET SCHEMA PUBLIC
DISCONNECT
/*C8818*/SET SCHEMA PUBLIC
DISCONNECT
/*C8819*/SET SCHEMA PUBLIC
DISCONNECT
/*C8820*/SET SCHEMA PUBLIC
DISCONNECT
/*C8821*/SET SCHEMA PUBLIC
DISCONNECT
/*C8822*/SET SCHEMA PUBLIC
DISCONNECT
/*C8823*/SET SCHEMA PUBLIC
DISCONNECT
/*C8824*/SET SCHEMA PUBLIC
DISCONNECT
/*C8825*/SET SCHEMA PUBLIC
DISCONNECT
/*C8826*/SET SCHEMA PUBLIC
DISCONNECT
/*C8827*/SET SCHEMA PUBLIC
DISCONNECT
/*C8828*/SET SCHEMA PUBLIC
DISCONNECT
/*C8829*/SET SCHEMA PUBLIC
DISCONNECT
/*C8830*/SET SCHEMA PUBLIC
DISCONNECT
/*C8831*/SET SCHEMA PUBLIC
DISCONNECT
/*C8832*/SET SCHEMA PUBLIC
DISCONNECT
/*C8833*/SET SCHEMA PUBLIC
DISCONNECT
/*C8834*/SET SCHEMA PUBLIC
DISCONNECT
/*C8835*/SET SCHEMA PUBLIC
DISCONNECT
/*C8836*/SET SCHEMA PUBLIC
DISCONNECT
/*C8837*/SET SCHEMA PUBLIC
DISCONNECT
/*C8838*/SET SCHEMA PUBLIC
DISCONNECT
/*C8839*/SET SCHEMA PUBLIC
DISCONNECT
/*C8840*/SET SCHEMA PUBLIC
DISCONNECT
/*C8841*/SET SCHEMA PUBLIC
DISCONNECT
/*C8842*/SET SCHEMA PUBLIC
DISCONNECT
/*C8843*/SET SCHEMA PUBLIC
DISCONNECT
/*C8844*/SET SCHEMA PUBLIC
DISCONNECT
/*C8845*/SET SCHEMA PUBLIC
DISCONNECT
/*C8846*/SET SCHEMA PUBLIC
DISCONNECT
/*C8847*/SET SCHEMA PUBLIC
DISCONNECT
/*C8848*/SET SCHEMA PUBLIC
DISCONNECT
/*C8849*/SET SCHEMA PUBLIC
DISCONNECT
/*C8850*/SET SCHEMA PUBLIC
DISCONNECT
/*C8851*/SET SCHEMA PUBLIC
DISCONNECT
/*C8852*/SET SCHEMA PUBLIC
DISCONNECT
/*C8853*/SET SCHEMA PUBLIC
DISCONNECT
/*C8854*/SET SCHEMA PUBLIC
DISCONNECT
/*C8855*/SET SCHEMA PUBLIC
DISCONNECT
/*C8856*/SET SCHEMA PUBLIC
DISCONNECT
/*C8857*/SET SCHEMA PUBLIC
DISCONNECT
/*C8858*/SET SCHEMA PUBLIC
DISCONNECT
/*C8859*/SET SCHEMA PUBLIC
DISCONNECT
/*C8860*/SET SCHEMA PUBLIC
DISCONNECT
/*C8861*/SET SCHEMA PUBLIC
DISCONNECT
/*C8862*/SET SCHEMA PUBLIC
DISCONNECT
/*C8863*/SET SCHEMA PUBLIC
DISCONNECT
/*C8864*/SET SCHEMA PUBLIC
DISCONNECT
/*C8865*/SET SCHEMA PUBLIC
DISCONNECT
/*C8866*/SET SCHEMA PUBLIC
DISCONNECT
/*C8867*/SET SCHEMA PUBLIC
DISCONNECT
/*C8868*/SET SCHEMA PUBLIC
DISCONNECT
/*C8869*/SET SCHEMA PUBLIC
DISCONNECT
/*C8870*/SET SCHEMA PUBLIC
DISCONNECT
/*C8871*/SET SCHEMA PUBLIC
DISCONNECT
/*C8872*/SET SCHEMA PUBLIC
DISCONNECT
/*C8873*/SET SCHEMA PUBLIC
DISCONNECT
/*C8874*/SET SCHEMA PUBLIC
DISCONNECT
/*C8875*/SET SCHEMA PUBLIC
DISCONNECT
/*C8876*/SET SCHEMA PUBLIC
DISCONNECT
/*C8877*/SET SCHEMA PUBLIC
DISCONNECT
/*C8878*/SET SCHEMA PUBLIC
DISCONNECT
/*C8879*/SET SCHEMA PUBLIC
DISCONNECT
/*C8880*/SET SCHEMA PUBLIC
DISCONNECT
/*C8881*/SET SCHEMA PUBLIC
DISCONNECT
/*C8882*/SET SCHEMA PUBLIC
DISCONNECT
/*C8883*/SET SCHEMA PUBLIC
DISCONNECT
/*C8884*/SET SCHEMA PUBLIC
DISCONNECT
/*C8885*/SET SCHEMA PUBLIC
DISCONNECT
/*C8886*/SET SCHEMA PUBLIC
DISCONNECT
/*C8887*/SET SCHEMA PUBLIC
DISCONNECT
/*C8888*/SET SCHEMA PUBLIC
DISCONNECT
/*C8889*/SET SCHEMA PUBLIC
DISCONNECT
/*C8890*/SET SCHEMA PUBLIC
DISCONNECT
/*C8891*/SET SCHEMA PUBLIC
DISCONNECT
/*C8892*/SET SCHEMA PUBLIC
DISCONNECT
/*C8893*/SET SCHEMA PUBLIC
DISCONNECT
/*C8894*/SET SCHEMA PUBLIC
DISCONNECT
/*C8895*/SET SCHEMA PUBLIC
DISCONNECT
/*C8896*/SET SCHEMA PUBLIC
DISCONNECT
/*C8897*/SET SCHEMA PUBLIC
DISCONNECT
/*C8898*/SET SCHEMA PUBLIC
DISCONNECT
/*C8899*/SET SCHEMA PUBLIC
DISCONNECT
/*C8900*/SET SCHEMA PUBLIC
DISCONNECT
/*C8901*/SET SCHEMA PUBLIC
DISCONNECT
/*C8902*/SET SCHEMA PUBLIC
DISCONNECT
/*C8903*/SET SCHEMA PUBLIC
DISCONNECT
/*C8904*/SET SCHEMA PUBLIC
DISCONNECT
/*C8905*/SET SCHEMA PUBLIC
DISCONNECT
/*C8906*/SET SCHEMA PUBLIC
DISCONNECT
/*C8907*/SET SCHEMA PUBLIC
DISCONNECT
/*C8908*/SET SCHEMA PUBLIC
DISCONNECT
/*C8909*/SET SCHEMA PUBLIC
DISCONNECT
/*C8910*/SET SCHEMA PUBLIC
DISCONNECT
/*C8911*/SET SCHEMA PUBLIC
DISCONNECT
/*C8912*/SET SCHEMA PUBLIC
DISCONNECT
/*C8913*/SET SCHEMA PUBLIC
DISCONNECT
/*C8914*/SET SCHEMA PUBLIC
DISCONNECT
/*C8915*/SET SCHEMA PUBLIC
DISCONNECT
/*C8916*/SET SCHEMA PUBLIC
DISCONNECT
/*C8917*/SET SCHEMA PUBLIC
DISCONNECT
/*C8918*/SET SCHEMA PUBLIC
DISCONNECT
/*C8919*/SET SCHEMA PUBLIC
DISCONNECT
/*C8920*/SET SCHEMA PUBLIC
DISCONNECT
/*C8921*/SET SCHEMA PUBLIC
DISCONNECT
/*C8922*/SET SCHEMA PUBLIC
DISCONNECT
/*C8923*/SET SCHEMA PUBLIC
DISCONNECT
/*C8924*/SET SCHEMA PUBLIC
DISCONNECT
/*C8925*/SET SCHEMA PUBLIC
DISCONNECT
/*C8927*/SET SCHEMA PUBLIC
DISCONNECT
/*C8926*/SET SCHEMA PUBLIC
DISCONNECT
/*C8928*/SET SCHEMA PUBLIC
DISCONNECT
/*C8929*/SET SCHEMA PUBLIC
DISCONNECT
/*C8930*/SET SCHEMA PUBLIC
DISCONNECT
/*C8931*/SET SCHEMA PUBLIC
DISCONNECT
/*C8933*/SET SCHEMA PUBLIC
DISCONNECT
/*C8932*/SET SCHEMA PUBLIC
DISCONNECT
/*C8934*/SET SCHEMA PUBLIC
DISCONNECT
/*C8935*/SET SCHEMA PUBLIC
DISCONNECT
/*C8936*/SET SCHEMA PUBLIC
DISCONNECT
/*C8937*/SET SCHEMA PUBLIC
DISCONNECT
/*C8939*/SET SCHEMA PUBLIC
DISCONNECT
/*C8938*/SET SCHEMA PUBLIC
DISCONNECT
/*C8941*/SET SCHEMA PUBLIC
DISCONNECT
/*C8940*/SET SCHEMA PUBLIC
DISCONNECT
/*C8942*/SET SCHEMA PUBLIC
DISCONNECT
/*C8943*/SET SCHEMA PUBLIC
DISCONNECT
/*C8945*/SET SCHEMA PUBLIC
DISCONNECT
/*C8944*/SET SCHEMA PUBLIC
DISCONNECT
/*C8946*/SET SCHEMA PUBLIC
DISCONNECT
/*C8947*/SET SCHEMA PUBLIC
DISCONNECT
/*C8949*/SET SCHEMA PUBLIC
DISCONNECT
/*C8948*/SET SCHEMA PUBLIC
DISCONNECT
/*C8950*/SET SCHEMA PUBLIC
DISCONNECT
/*C8951*/SET SCHEMA PUBLIC
DISCONNECT
/*C8952*/SET SCHEMA PUBLIC
DISCONNECT
/*C8953*/SET SCHEMA PUBLIC
DISCONNECT
/*C8954*/SET SCHEMA PUBLIC
DISCONNECT
/*C8955*/SET SCHEMA PUBLIC
DISCONNECT
/*C8956*/SET SCHEMA PUBLIC
DISCONNECT
/*C8957*/SET SCHEMA PUBLIC
DISCONNECT
/*C8958*/SET SCHEMA PUBLIC
DISCONNECT
/*C8959*/SET SCHEMA PUBLIC
DISCONNECT
/*C8961*/SET SCHEMA PUBLIC
DISCONNECT
/*C8960*/SET SCHEMA PUBLIC
DISCONNECT
/*C8963*/SET SCHEMA PUBLIC
DISCONNECT
/*C8962*/SET SCHEMA PUBLIC
DISCONNECT
/*C8965*/SET SCHEMA PUBLIC
DISCONNECT
/*C8964*/SET SCHEMA PUBLIC
DISCONNECT
/*C8967*/SET SCHEMA PUBLIC
DISCONNECT
/*C8966*/SET SCHEMA PUBLIC
DISCONNECT
/*C8968*/SET SCHEMA PUBLIC
DISCONNECT
/*C8969*/SET SCHEMA PUBLIC
DISCONNECT
/*C8971*/SET SCHEMA PUBLIC
DISCONNECT
/*C8970*/SET SCHEMA PUBLIC
DISCONNECT
/*C8972*/SET SCHEMA PUBLIC
DISCONNECT
/*C8973*/SET SCHEMA PUBLIC
DISCONNECT
/*C8974*/SET SCHEMA PUBLIC
DISCONNECT
/*C8975*/SET SCHEMA PUBLIC
DISCONNECT
/*C8976*/SET SCHEMA PUBLIC
DISCONNECT
/*C8977*/SET SCHEMA PUBLIC
DISCONNECT
/*C8978*/SET SCHEMA PUBLIC
DISCONNECT
/*C8979*/SET SCHEMA PUBLIC
DISCONNECT
/*C8981*/SET SCHEMA PUBLIC
DISCONNECT
/*C8980*/SET SCHEMA PUBLIC
DISCONNECT
/*C8982*/SET SCHEMA PUBLIC
DISCONNECT
/*C8983*/SET SCHEMA PUBLIC
DISCONNECT
/*C8985*/SET SCHEMA PUBLIC
DISCONNECT
/*C8984*/SET SCHEMA PUBLIC
DISCONNECT
/*C8987*/SET SCHEMA PUBLIC
DISCONNECT
/*C8986*/SET SCHEMA PUBLIC
DISCONNECT
/*C8988*/SET SCHEMA PUBLIC
DISCONNECT
/*C8989*/SET SCHEMA PUBLIC
DISCONNECT
/*C8990*/SET SCHEMA PUBLIC
DISCONNECT
/*C8991*/SET SCHEMA PUBLIC
DISCONNECT
/*C8992*/SET SCHEMA PUBLIC
DISCONNECT
/*C8993*/SET SCHEMA PUBLIC
DISCONNECT
/*C8995*/SET SCHEMA PUBLIC
DISCONNECT
/*C8994*/SET SCHEMA PUBLIC
DISCONNECT
/*C8997*/SET SCHEMA PUBLIC
DISCONNECT
/*C8996*/SET SCHEMA PUBLIC
DISCONNECT
/*C8998*/SET SCHEMA PUBLIC
DISCONNECT
/*C8999*/SET SCHEMA PUBLIC
DISCONNECT
/*C9000*/SET SCHEMA PUBLIC
DISCONNECT
/*C9001*/SET SCHEMA PUBLIC
DISCONNECT
/*C9002*/SET SCHEMA PUBLIC
DISCONNECT
/*C9003*/SET SCHEMA PUBLIC
DISCONNECT
/*C9004*/SET SCHEMA PUBLIC
DISCONNECT
/*C9005*/SET SCHEMA PUBLIC
DISCONNECT
/*C9006*/SET SCHEMA PUBLIC
DISCONNECT
/*C9007*/SET SCHEMA PUBLIC
DISCONNECT
/*C9008*/SET SCHEMA PUBLIC
DISCONNECT
/*C9009*/SET SCHEMA PUBLIC
DISCONNECT
/*C9011*/SET SCHEMA PUBLIC
DISCONNECT
/*C9010*/SET SCHEMA PUBLIC
DISCONNECT
/*C9013*/SET SCHEMA PUBLIC
DISCONNECT
/*C9012*/SET SCHEMA PUBLIC
DISCONNECT
/*C9014*/SET SCHEMA PUBLIC
DISCONNECT
/*C9015*/SET SCHEMA PUBLIC
DISCONNECT
/*C9016*/SET SCHEMA PUBLIC
DISCONNECT
/*C9017*/SET SCHEMA PUBLIC
DISCONNECT
/*C9018*/SET SCHEMA PUBLIC
DISCONNECT
/*C9019*/SET SCHEMA PUBLIC
DISCONNECT
/*C9020*/SET SCHEMA PUBLIC
DISCONNECT
/*C9021*/SET SCHEMA PUBLIC
DISCONNECT
/*C9022*/SET SCHEMA PUBLIC
DISCONNECT
/*C9023*/SET SCHEMA PUBLIC
DISCONNECT
/*C9025*/SET SCHEMA PUBLIC
DISCONNECT
/*C9024*/SET SCHEMA PUBLIC
DISCONNECT
/*C9026*/SET SCHEMA PUBLIC
DISCONNECT
/*C9027*/SET SCHEMA PUBLIC
DISCONNECT
/*C9028*/SET SCHEMA PUBLIC
DISCONNECT
/*C9029*/SET SCHEMA PUBLIC
DISCONNECT
/*C9031*/SET SCHEMA PUBLIC
DISCONNECT
/*C9030*/SET SCHEMA PUBLIC
DISCONNECT
/*C9032*/SET SCHEMA PUBLIC
DISCONNECT
/*C9033*/SET SCHEMA PUBLIC
DISCONNECT
/*C9034*/SET SCHEMA PUBLIC
DISCONNECT
/*C9035*/SET SCHEMA PUBLIC
DISCONNECT
/*C9037*/SET SCHEMA PUBLIC
DISCONNECT
/*C9036*/SET SCHEMA PUBLIC
DISCONNECT
/*C9038*/SET SCHEMA PUBLIC
DISCONNECT
/*C9039*/SET SCHEMA PUBLIC
DISCONNECT
/*C9040*/SET SCHEMA PUBLIC
DISCONNECT
/*C9041*/SET SCHEMA PUBLIC
DISCONNECT
/*C9042*/SET SCHEMA PUBLIC
DISCONNECT
/*C9043*/SET SCHEMA PUBLIC
DISCONNECT
/*C9045*/SET SCHEMA PUBLIC
DISCONNECT
/*C9044*/SET SCHEMA PUBLIC
DISCONNECT
/*C9046*/SET SCHEMA PUBLIC
DISCONNECT
/*C9047*/SET SCHEMA PUBLIC
DISCONNECT
/*C9048*/SET SCHEMA PUBLIC
DISCONNECT
/*C9049*/SET SCHEMA PUBLIC
DISCONNECT
/*C9050*/SET SCHEMA PUBLIC
DISCONNECT
/*C9051*/SET SCHEMA PUBLIC
DISCONNECT
/*C9052*/SET SCHEMA PUBLIC
DISCONNECT
/*C9053*/SET SCHEMA PUBLIC
DISCONNECT
/*C9055*/SET SCHEMA PUBLIC
DISCONNECT
/*C9054*/SET SCHEMA PUBLIC
DISCONNECT
/*C9056*/SET SCHEMA PUBLIC
DISCONNECT
/*C9057*/SET SCHEMA PUBLIC
DISCONNECT
/*C9058*/SET SCHEMA PUBLIC
DISCONNECT
/*C9059*/SET SCHEMA PUBLIC
DISCONNECT
/*C9060*/SET SCHEMA PUBLIC
DISCONNECT
/*C9061*/SET SCHEMA PUBLIC
DISCONNECT
/*C9062*/SET SCHEMA PUBLIC
DISCONNECT
/*C9063*/SET SCHEMA PUBLIC
DISCONNECT
/*C9064*/SET SCHEMA PUBLIC
DISCONNECT
/*C9065*/SET SCHEMA PUBLIC
DISCONNECT
/*C9066*/SET SCHEMA PUBLIC
DISCONNECT
/*C9067*/SET SCHEMA PUBLIC
DISCONNECT
/*C9068*/SET SCHEMA PUBLIC
DISCONNECT
/*C9069*/SET SCHEMA PUBLIC
DISCONNECT
/*C9070*/SET SCHEMA PUBLIC
DISCONNECT
/*C9071*/SET SCHEMA PUBLIC
DISCONNECT
/*C9072*/SET SCHEMA PUBLIC
DISCONNECT
/*C9073*/SET SCHEMA PUBLIC
DISCONNECT
/*C9074*/SET SCHEMA PUBLIC
DISCONNECT
/*C9075*/SET SCHEMA PUBLIC
DISCONNECT
/*C9076*/SET SCHEMA PUBLIC
DISCONNECT
/*C9077*/SET SCHEMA PUBLIC
DISCONNECT
/*C9079*/SET SCHEMA PUBLIC
DISCONNECT
/*C9078*/SET SCHEMA PUBLIC
DISCONNECT
/*C9080*/SET SCHEMA PUBLIC
DISCONNECT
/*C9081*/SET SCHEMA PUBLIC
DISCONNECT
/*C9082*/SET SCHEMA PUBLIC
DISCONNECT
/*C9083*/SET SCHEMA PUBLIC
DISCONNECT
/*C9085*/SET SCHEMA PUBLIC
DISCONNECT
/*C9084*/SET SCHEMA PUBLIC
DISCONNECT
/*C9086*/SET SCHEMA PUBLIC
DISCONNECT
/*C9087*/SET SCHEMA PUBLIC
DISCONNECT
/*C9088*/SET SCHEMA PUBLIC
DISCONNECT
/*C9089*/SET SCHEMA PUBLIC
DISCONNECT
/*C9090*/SET SCHEMA PUBLIC
DISCONNECT
/*C9091*/SET SCHEMA PUBLIC
DISCONNECT
/*C9093*/SET SCHEMA PUBLIC
DISCONNECT
/*C9092*/SET SCHEMA PUBLIC
DISCONNECT
/*C9094*/SET SCHEMA PUBLIC
DISCONNECT
/*C9095*/SET SCHEMA PUBLIC
DISCONNECT
/*C9096*/SET SCHEMA PUBLIC
DISCONNECT
/*C9097*/SET SCHEMA PUBLIC
DISCONNECT
/*C9099*/SET SCHEMA PUBLIC
DISCONNECT
/*C9098*/SET SCHEMA PUBLIC
DISCONNECT
/*C9100*/SET SCHEMA PUBLIC
DISCONNECT
/*C9101*/SET SCHEMA PUBLIC
DISCONNECT
/*C9103*/SET SCHEMA PUBLIC
DISCONNECT
/*C9102*/SET SCHEMA PUBLIC
DISCONNECT
/*C9104*/SET SCHEMA PUBLIC
DISCONNECT
/*C9105*/SET SCHEMA PUBLIC
DISCONNECT
/*C9106*/SET SCHEMA PUBLIC
DISCONNECT
/*C9107*/SET SCHEMA PUBLIC
DISCONNECT
/*C9108*/SET SCHEMA PUBLIC
DISCONNECT
/*C9109*/SET SCHEMA PUBLIC
DISCONNECT
/*C9110*/SET SCHEMA PUBLIC
DISCONNECT
/*C9111*/SET SCHEMA PUBLIC
DISCONNECT
/*C9112*/SET SCHEMA PUBLIC
DISCONNECT
/*C9113*/SET SCHEMA PUBLIC
DISCONNECT
/*C9115*/SET SCHEMA PUBLIC
DISCONNECT
/*C9114*/SET SCHEMA PUBLIC
DISCONNECT
/*C9116*/SET SCHEMA PUBLIC
DISCONNECT
/*C9117*/SET SCHEMA PUBLIC
DISCONNECT
/*C9118*/SET SCHEMA PUBLIC
DISCONNECT
/*C9119*/SET SCHEMA PUBLIC
DISCONNECT
/*C9120*/SET SCHEMA PUBLIC
DISCONNECT
/*C9121*/SET SCHEMA PUBLIC
DISCONNECT
/*C9123*/SET SCHEMA PUBLIC
DISCONNECT
/*C9122*/SET SCHEMA PUBLIC
DISCONNECT
/*C9124*/SET SCHEMA PUBLIC
DISCONNECT
/*C9125*/SET SCHEMA PUBLIC
DISCONNECT
/*C9126*/SET SCHEMA PUBLIC
DISCONNECT
/*C9127*/SET SCHEMA PUBLIC
DISCONNECT
/*C9128*/SET SCHEMA PUBLIC
DISCONNECT
/*C9129*/SET SCHEMA PUBLIC
DISCONNECT
/*C9130*/SET SCHEMA PUBLIC
DISCONNECT
/*C9131*/SET SCHEMA PUBLIC
DISCONNECT
/*C9132*/SET SCHEMA PUBLIC
DISCONNECT
/*C9133*/SET SCHEMA PUBLIC
DISCONNECT
/*C9134*/SET SCHEMA PUBLIC
DISCONNECT
/*C9135*/SET SCHEMA PUBLIC
DISCONNECT
/*C9136*/SET SCHEMA PUBLIC
DISCONNECT
/*C9137*/SET SCHEMA PUBLIC
DISCONNECT
/*C9138*/SET SCHEMA PUBLIC
DISCONNECT
/*C9139*/SET SCHEMA PUBLIC
DISCONNECT
/*C9140*/SET SCHEMA PUBLIC
DISCONNECT
/*C9141*/SET SCHEMA PUBLIC
DISCONNECT
/*C9143*/SET SCHEMA PUBLIC
DISCONNECT
/*C9142*/SET SCHEMA PUBLIC
DISCONNECT
/*C9144*/SET SCHEMA PUBLIC
DISCONNECT
/*C9145*/SET SCHEMA PUBLIC
DISCONNECT
/*C9146*/SET SCHEMA PUBLIC
DISCONNECT
/*C9147*/SET SCHEMA PUBLIC
DISCONNECT
/*C9149*/SET SCHEMA PUBLIC
DISCONNECT
/*C9148*/SET SCHEMA PUBLIC
DISCONNECT
/*C9150*/SET SCHEMA PUBLIC
DISCONNECT
/*C9151*/SET SCHEMA PUBLIC
DISCONNECT
/*C9152*/SET SCHEMA PUBLIC
DISCONNECT
/*C9153*/SET SCHEMA PUBLIC
DISCONNECT
/*C9155*/SET SCHEMA PUBLIC
DISCONNECT
/*C9154*/SET SCHEMA PUBLIC
DISCONNECT
/*C9156*/SET SCHEMA PUBLIC
DISCONNECT
/*C9157*/SET SCHEMA PUBLIC
DISCONNECT
/*C9158*/SET SCHEMA PUBLIC
DISCONNECT
/*C9159*/SET SCHEMA PUBLIC
DISCONNECT
/*C9161*/SET SCHEMA PUBLIC
DISCONNECT
/*C9160*/SET SCHEMA PUBLIC
DISCONNECT
/*C9162*/SET SCHEMA PUBLIC
DISCONNECT
/*C9163*/SET SCHEMA PUBLIC
DISCONNECT
/*C9165*/SET SCHEMA PUBLIC
DISCONNECT
/*C9164*/SET SCHEMA PUBLIC
DISCONNECT
/*C9166*/SET SCHEMA PUBLIC
DISCONNECT
/*C9167*/SET SCHEMA PUBLIC
DISCONNECT
/*C9168*/SET SCHEMA PUBLIC
DISCONNECT
/*C9169*/SET SCHEMA PUBLIC
DISCONNECT
/*C9171*/SET SCHEMA PUBLIC
DISCONNECT
/*C9170*/SET SCHEMA PUBLIC
DISCONNECT
/*C9172*/SET SCHEMA PUBLIC
DISCONNECT
/*C9173*/SET SCHEMA PUBLIC
DISCONNECT
/*C9174*/SET SCHEMA PUBLIC
DISCONNECT
/*C9175*/SET SCHEMA PUBLIC
DISCONNECT
/*C9176*/SET SCHEMA PUBLIC
DISCONNECT
/*C9177*/SET SCHEMA PUBLIC
DISCONNECT
/*C9178*/SET SCHEMA PUBLIC
DISCONNECT
/*C9179*/SET SCHEMA PUBLIC
DISCONNECT
/*C9181*/SET SCHEMA PUBLIC
DISCONNECT
/*C9180*/SET SCHEMA PUBLIC
DISCONNECT
/*C9182*/SET SCHEMA PUBLIC
DISCONNECT
/*C9183*/SET SCHEMA PUBLIC
DISCONNECT
/*C9184*/SET SCHEMA PUBLIC
DISCONNECT
/*C9185*/SET SCHEMA PUBLIC
DISCONNECT
/*C9186*/SET SCHEMA PUBLIC
DISCONNECT
/*C9187*/SET SCHEMA PUBLIC
DISCONNECT
/*C9188*/SET SCHEMA PUBLIC
DISCONNECT
/*C9189*/SET SCHEMA PUBLIC
DISCONNECT
/*C9190*/SET SCHEMA PUBLIC
DISCONNECT
/*C9191*/SET SCHEMA PUBLIC
DISCONNECT
/*C9193*/SET SCHEMA PUBLIC
DISCONNECT
/*C9192*/SET SCHEMA PUBLIC
DISCONNECT
/*C9194*/SET SCHEMA PUBLIC
DISCONNECT
/*C9195*/SET SCHEMA PUBLIC
DISCONNECT
/*C9196*/SET SCHEMA PUBLIC
DISCONNECT
/*C9197*/SET SCHEMA PUBLIC
DISCONNECT
/*C9198*/SET SCHEMA PUBLIC
DISCONNECT
/*C9199*/SET SCHEMA PUBLIC
DISCONNECT
/*C9200*/SET SCHEMA PUBLIC
DISCONNECT
/*C9201*/SET SCHEMA PUBLIC
DISCONNECT
/*C9203*/SET SCHEMA PUBLIC
DISCONNECT
/*C9202*/SET SCHEMA PUBLIC
DISCONNECT
/*C9204*/SET SCHEMA PUBLIC
DISCONNECT
/*C9205*/SET SCHEMA PUBLIC
DISCONNECT
/*C9206*/SET SCHEMA PUBLIC
DISCONNECT
/*C9207*/SET SCHEMA PUBLIC
DISCONNECT
/*C9209*/SET SCHEMA PUBLIC
DISCONNECT
/*C9208*/SET SCHEMA PUBLIC
DISCONNECT
/*C9210*/SET SCHEMA PUBLIC
DISCONNECT
/*C9211*/SET SCHEMA PUBLIC
DISCONNECT
/*C9213*/SET SCHEMA PUBLIC
DISCONNECT
/*C9212*/SET SCHEMA PUBLIC
DISCONNECT
/*C9214*/SET SCHEMA PUBLIC
DISCONNECT
/*C9215*/SET SCHEMA PUBLIC
DISCONNECT
/*C9217*/SET SCHEMA PUBLIC
DISCONNECT
/*C9216*/SET SCHEMA PUBLIC
DISCONNECT
/*C9218*/SET SCHEMA PUBLIC
DISCONNECT
/*C9219*/SET SCHEMA PUBLIC
DISCONNECT
/*C9220*/SET SCHEMA PUBLIC
DISCONNECT
/*C9221*/SET SCHEMA PUBLIC
DISCONNECT
/*C9222*/SET SCHEMA PUBLIC
DISCONNECT
/*C9223*/SET SCHEMA PUBLIC
DISCONNECT
/*C9224*/SET SCHEMA PUBLIC
DISCONNECT
/*C9225*/SET SCHEMA PUBLIC
DISCONNECT
/*C9226*/SET SCHEMA PUBLIC
DISCONNECT
/*C9227*/SET SCHEMA PUBLIC
DISCONNECT
/*C9228*/SET SCHEMA PUBLIC
DISCONNECT
/*C9229*/SET SCHEMA PUBLIC
DISCONNECT
/*C9230*/SET SCHEMA PUBLIC
DISCONNECT
/*C9231*/SET SCHEMA PUBLIC
DISCONNECT
/*C9232*/SET SCHEMA PUBLIC
DISCONNECT
/*C9233*/SET SCHEMA PUBLIC
DISCONNECT
/*C9235*/SET SCHEMA PUBLIC
DISCONNECT
/*C9234*/SET SCHEMA PUBLIC
DISCONNECT
/*C9237*/SET SCHEMA PUBLIC
DISCONNECT
/*C9236*/SET SCHEMA PUBLIC
DISCONNECT
/*C9238*/SET SCHEMA PUBLIC
DISCONNECT
/*C9239*/SET SCHEMA PUBLIC
DISCONNECT
/*C9240*/SET SCHEMA PUBLIC
DISCONNECT
/*C9241*/SET SCHEMA PUBLIC
DISCONNECT
/*C9242*/SET SCHEMA PUBLIC
DISCONNECT
/*C9243*/SET SCHEMA PUBLIC
DISCONNECT
/*C9244*/SET SCHEMA PUBLIC
DISCONNECT
/*C9245*/SET SCHEMA PUBLIC
DISCONNECT
/*C9246*/SET SCHEMA PUBLIC
DISCONNECT
/*C9247*/SET SCHEMA PUBLIC
DISCONNECT
/*C9248*/SET SCHEMA PUBLIC
DISCONNECT
/*C9249*/SET SCHEMA PUBLIC
DISCONNECT
/*C9250*/SET SCHEMA PUBLIC
DISCONNECT
/*C9251*/SET SCHEMA PUBLIC
DISCONNECT
/*C9252*/SET SCHEMA PUBLIC
DISCONNECT
/*C9253*/SET SCHEMA PUBLIC
DISCONNECT
/*C9254*/SET SCHEMA PUBLIC
DISCONNECT
/*C9255*/SET SCHEMA PUBLIC
DISCONNECT
/*C9256*/SET SCHEMA PUBLIC
DISCONNECT
/*C9257*/SET SCHEMA PUBLIC
DISCONNECT
/*C9258*/SET SCHEMA PUBLIC
DISCONNECT
/*C9259*/SET SCHEMA PUBLIC
DISCONNECT
/*C9260*/SET SCHEMA PUBLIC
DISCONNECT
/*C9261*/SET SCHEMA PUBLIC
DISCONNECT
/*C9263*/SET SCHEMA PUBLIC
DISCONNECT
/*C9262*/SET SCHEMA PUBLIC
DISCONNECT
/*C9264*/SET SCHEMA PUBLIC
DISCONNECT
/*C9265*/SET SCHEMA PUBLIC
DISCONNECT
/*C9266*/SET SCHEMA PUBLIC
DISCONNECT
/*C9267*/SET SCHEMA PUBLIC
DISCONNECT
/*C9268*/SET SCHEMA PUBLIC
DISCONNECT
/*C9269*/SET SCHEMA PUBLIC
DISCONNECT
/*C9270*/SET SCHEMA PUBLIC
DISCONNECT
/*C9271*/SET SCHEMA PUBLIC
DISCONNECT
/*C9272*/SET SCHEMA PUBLIC
DISCONNECT
/*C9273*/SET SCHEMA PUBLIC
DISCONNECT
/*C9274*/SET SCHEMA PUBLIC
DISCONNECT
/*C9275*/SET SCHEMA PUBLIC
DISCONNECT
/*C9276*/SET SCHEMA PUBLIC
DISCONNECT
/*C9277*/SET SCHEMA PUBLIC
DISCONNECT
/*C9279*/SET SCHEMA PUBLIC
DISCONNECT
/*C9278*/SET SCHEMA PUBLIC
DISCONNECT
/*C9280*/SET SCHEMA PUBLIC
DISCONNECT
/*C9281*/SET SCHEMA PUBLIC
DISCONNECT
/*C9283*/SET SCHEMA PUBLIC
DISCONNECT
/*C9282*/SET SCHEMA PUBLIC
DISCONNECT
/*C9284*/SET SCHEMA PUBLIC
DISCONNECT
/*C9285*/SET SCHEMA PUBLIC
DISCONNECT
/*C9286*/SET SCHEMA PUBLIC
DISCONNECT
/*C9287*/SET SCHEMA PUBLIC
DISCONNECT
/*C9288*/SET SCHEMA PUBLIC
DISCONNECT
/*C9289*/SET SCHEMA PUBLIC
DISCONNECT
/*C9290*/SET SCHEMA PUBLIC
DISCONNECT
/*C9291*/SET SCHEMA PUBLIC
DISCONNECT
/*C9292*/SET SCHEMA PUBLIC
DISCONNECT
/*C9293*/SET SCHEMA PUBLIC
DISCONNECT
/*C9294*/SET SCHEMA PUBLIC
DISCONNECT
/*C9295*/SET SCHEMA PUBLIC
DISCONNECT
/*C9296*/SET SCHEMA PUBLIC
DISCONNECT
/*C9297*/SET SCHEMA PUBLIC
DISCONNECT
/*C9298*/SET SCHEMA PUBLIC
DISCONNECT
/*C9299*/SET SCHEMA PUBLIC
DISCONNECT
/*C9300*/SET SCHEMA PUBLIC
DISCONNECT
/*C9301*/SET SCHEMA PUBLIC
DISCONNECT
/*C9302*/SET SCHEMA PUBLIC
DISCONNECT
/*C9303*/SET SCHEMA PUBLIC
DISCONNECT
/*C9304*/SET SCHEMA PUBLIC
DISCONNECT
/*C9305*/SET SCHEMA PUBLIC
DISCONNECT
/*C9307*/SET SCHEMA PUBLIC
DISCONNECT
/*C9306*/SET SCHEMA PUBLIC
DISCONNECT
/*C9309*/SET SCHEMA PUBLIC
DISCONNECT
/*C9308*/SET SCHEMA PUBLIC
DISCONNECT
/*C9311*/SET SCHEMA PUBLIC
DISCONNECT
/*C9310*/SET SCHEMA PUBLIC
DISCONNECT
/*C9312*/SET SCHEMA PUBLIC
DISCONNECT
/*C9313*/SET SCHEMA PUBLIC
DISCONNECT
/*C9314*/SET SCHEMA PUBLIC
DISCONNECT
/*C9315*/SET SCHEMA PUBLIC
DISCONNECT
/*C9316*/SET SCHEMA PUBLIC
DISCONNECT
/*C9317*/SET SCHEMA PUBLIC
DISCONNECT
/*C9318*/SET SCHEMA PUBLIC
DISCONNECT
/*C9319*/SET SCHEMA PUBLIC
DISCONNECT
/*C9321*/SET SCHEMA PUBLIC
DISCONNECT
/*C9320*/SET SCHEMA PUBLIC
DISCONNECT
/*C9323*/SET SCHEMA PUBLIC
DISCONNECT
/*C9322*/SET SCHEMA PUBLIC
DISCONNECT
/*C9324*/SET SCHEMA PUBLIC
DISCONNECT
/*C9325*/SET SCHEMA PUBLIC
DISCONNECT
/*C9326*/SET SCHEMA PUBLIC
DISCONNECT
/*C9327*/SET SCHEMA PUBLIC
DISCONNECT
/*C9328*/SET SCHEMA PUBLIC
DISCONNECT
/*C9329*/SET SCHEMA PUBLIC
DISCONNECT
/*C9330*/SET SCHEMA PUBLIC
DISCONNECT
/*C9331*/SET SCHEMA PUBLIC
DISCONNECT
/*C9332*/SET SCHEMA PUBLIC
DISCONNECT
/*C9333*/SET SCHEMA PUBLIC
DISCONNECT
/*C9334*/SET SCHEMA PUBLIC
DISCONNECT
/*C9335*/SET SCHEMA PUBLIC
DISCONNECT
/*C9336*/SET SCHEMA PUBLIC
DISCONNECT
/*C9337*/SET SCHEMA PUBLIC
DISCONNECT
/*C9338*/SET SCHEMA PUBLIC
DISCONNECT
/*C9339*/SET SCHEMA PUBLIC
DISCONNECT
/*C9340*/SET SCHEMA PUBLIC
DISCONNECT
/*C9341*/SET SCHEMA PUBLIC
DISCONNECT
/*C9343*/SET SCHEMA PUBLIC
DISCONNECT
/*C9342*/SET SCHEMA PUBLIC
DISCONNECT
/*C9344*/SET SCHEMA PUBLIC
DISCONNECT
/*C9345*/SET SCHEMA PUBLIC
DISCONNECT
/*C9346*/SET SCHEMA PUBLIC
DISCONNECT
/*C9347*/SET SCHEMA PUBLIC
DISCONNECT
/*C9348*/SET SCHEMA PUBLIC
DISCONNECT
/*C9349*/SET SCHEMA PUBLIC
DISCONNECT
/*C9350*/SET SCHEMA PUBLIC
DISCONNECT
/*C9351*/SET SCHEMA PUBLIC
DISCONNECT
/*C9352*/SET SCHEMA PUBLIC
DISCONNECT
/*C9353*/SET SCHEMA PUBLIC
DISCONNECT
/*C9354*/SET SCHEMA PUBLIC
DISCONNECT
/*C9355*/SET SCHEMA PUBLIC
DISCONNECT
/*C9357*/SET SCHEMA PUBLIC
DISCONNECT
/*C9356*/SET SCHEMA PUBLIC
DISCONNECT
/*C9358*/SET SCHEMA PUBLIC
DISCONNECT
/*C9359*/SET SCHEMA PUBLIC
DISCONNECT
/*C9360*/SET SCHEMA PUBLIC
DISCONNECT
/*C9361*/SET SCHEMA PUBLIC
DISCONNECT
/*C9363*/SET SCHEMA PUBLIC
DISCONNECT
/*C9362*/SET SCHEMA PUBLIC
DISCONNECT
/*C9364*/SET SCHEMA PUBLIC
DISCONNECT
/*C9365*/SET SCHEMA PUBLIC
DISCONNECT
/*C9367*/SET SCHEMA PUBLIC
DISCONNECT
/*C9366*/SET SCHEMA PUBLIC
DISCONNECT
/*C9369*/SET SCHEMA PUBLIC
DISCONNECT
/*C9368*/SET SCHEMA PUBLIC
DISCONNECT
/*C9370*/SET SCHEMA PUBLIC
DISCONNECT
/*C9371*/SET SCHEMA PUBLIC
DISCONNECT
/*C9372*/SET SCHEMA PUBLIC
DISCONNECT
/*C9373*/SET SCHEMA PUBLIC
DISCONNECT
/*C9374*/SET SCHEMA PUBLIC
DISCONNECT
/*C9375*/SET SCHEMA PUBLIC
DISCONNECT
/*C9376*/SET SCHEMA PUBLIC
DISCONNECT
/*C9377*/SET SCHEMA PUBLIC
DISCONNECT
/*C9379*/SET SCHEMA PUBLIC
DISCONNECT
/*C9378*/SET SCHEMA PUBLIC
DISCONNECT
/*C9380*/SET SCHEMA PUBLIC
DISCONNECT
/*C9381*/SET SCHEMA PUBLIC
DISCONNECT
/*C9382*/SET SCHEMA PUBLIC
DISCONNECT
/*C9383*/SET SCHEMA PUBLIC
DISCONNECT
/*C9384*/SET SCHEMA PUBLIC
DISCONNECT
/*C9385*/SET SCHEMA PUBLIC
DISCONNECT
/*C9387*/SET SCHEMA PUBLIC
DISCONNECT
/*C9386*/SET SCHEMA PUBLIC
DISCONNECT
/*C9388*/SET SCHEMA PUBLIC
DISCONNECT
/*C9389*/SET SCHEMA PUBLIC
DISCONNECT
/*C9390*/SET SCHEMA PUBLIC
DISCONNECT
/*C9391*/SET SCHEMA PUBLIC
DISCONNECT
/*C9392*/SET SCHEMA PUBLIC
DISCONNECT
/*C9393*/SET SCHEMA PUBLIC
DISCONNECT
/*C9394*/SET SCHEMA PUBLIC
DISCONNECT
/*C9395*/SET SCHEMA PUBLIC
DISCONNECT
/*C9397*/SET SCHEMA PUBLIC
DISCONNECT
/*C9396*/SET SCHEMA PUBLIC
DISCONNECT
/*C9398*/SET SCHEMA PUBLIC
DISCONNECT
/*C9399*/SET SCHEMA PUBLIC
DISCONNECT
/*C9401*/SET SCHEMA PUBLIC
DISCONNECT
/*C9400*/SET SCHEMA PUBLIC
DISCONNECT
/*C9403*/SET SCHEMA PUBLIC
DISCONNECT
/*C9402*/SET SCHEMA PUBLIC
DISCONNECT
/*C9405*/SET SCHEMA PUBLIC
DISCONNECT
/*C9404*/SET SCHEMA PUBLIC
DISCONNECT
/*C9406*/SET SCHEMA PUBLIC
DISCONNECT
/*C9407*/SET SCHEMA PUBLIC
DISCONNECT
/*C9408*/SET SCHEMA PUBLIC
DISCONNECT
/*C9409*/SET SCHEMA PUBLIC
DISCONNECT
/*C9410*/SET SCHEMA PUBLIC
DISCONNECT
/*C9411*/SET SCHEMA PUBLIC
DISCONNECT
/*C9412*/SET SCHEMA PUBLIC
DISCONNECT
/*C9413*/SET SCHEMA PUBLIC
DISCONNECT
/*C9414*/SET SCHEMA PUBLIC
DISCONNECT
/*C9415*/SET SCHEMA PUBLIC
DISCONNECT
/*C9416*/SET SCHEMA PUBLIC
DISCONNECT
/*C9417*/SET SCHEMA PUBLIC
DISCONNECT
/*C9419*/SET SCHEMA PUBLIC
DISCONNECT
/*C9418*/SET SCHEMA PUBLIC
DISCONNECT
/*C9420*/SET SCHEMA PUBLIC
DISCONNECT
/*C9421*/SET SCHEMA PUBLIC
DISCONNECT
/*C9422*/SET SCHEMA PUBLIC
DISCONNECT
/*C9423*/SET SCHEMA PUBLIC
DISCONNECT
/*C9424*/SET SCHEMA PUBLIC
DISCONNECT
/*C9425*/SET SCHEMA PUBLIC
DISCONNECT
/*C9426*/SET SCHEMA PUBLIC
DISCONNECT
/*C9427*/SET SCHEMA PUBLIC
DISCONNECT
/*C9429*/SET SCHEMA PUBLIC
DISCONNECT
/*C9428*/SET SCHEMA PUBLIC
DISCONNECT
/*C9430*/SET SCHEMA PUBLIC
DISCONNECT
/*C9431*/SET SCHEMA PUBLIC
DISCONNECT
/*C9433*/SET SCHEMA PUBLIC
DISCONNECT
/*C9432*/SET SCHEMA PUBLIC
DISCONNECT
/*C9434*/SET SCHEMA PUBLIC
DISCONNECT
/*C9435*/SET SCHEMA PUBLIC
DISCONNECT
/*C9436*/SET SCHEMA PUBLIC
DISCONNECT
/*C9437*/SET SCHEMA PUBLIC
DISCONNECT
/*C9438*/SET SCHEMA PUBLIC
DISCONNECT
/*C9439*/SET SCHEMA PUBLIC
DISCONNECT
/*C9440*/SET SCHEMA PUBLIC
DISCONNECT
/*C9441*/SET SCHEMA PUBLIC
DISCONNECT
/*C9443*/SET SCHEMA PUBLIC
DISCONNECT
/*C9442*/SET SCHEMA PUBLIC
DISCONNECT
/*C9444*/SET SCHEMA PUBLIC
DISCONNECT
/*C9445*/SET SCHEMA PUBLIC
DISCONNECT
/*C9447*/SET SCHEMA PUBLIC
DISCONNECT
/*C9446*/SET SCHEMA PUBLIC
DISCONNECT
/*C9449*/SET SCHEMA PUBLIC
DISCONNECT
/*C9448*/SET SCHEMA PUBLIC
DISCONNECT
/*C9450*/SET SCHEMA PUBLIC
DISCONNECT
/*C9451*/SET SCHEMA PUBLIC
DISCONNECT
/*C9452*/SET SCHEMA PUBLIC
DISCONNECT
/*C9453*/SET SCHEMA PUBLIC
DISCONNECT
/*C9455*/SET SCHEMA PUBLIC
DISCONNECT
/*C9454*/SET SCHEMA PUBLIC
DISCONNECT
/*C9456*/SET SCHEMA PUBLIC
DISCONNECT
/*C9457*/SET SCHEMA PUBLIC
DISCONNECT
/*C9458*/SET SCHEMA PUBLIC
DISCONNECT
/*C9459*/SET SCHEMA PUBLIC
DISCONNECT
/*C9460*/SET SCHEMA PUBLIC
DISCONNECT
/*C9461*/SET SCHEMA PUBLIC
DISCONNECT
/*C9462*/SET SCHEMA PUBLIC
DISCONNECT
/*C9463*/SET SCHEMA PUBLIC
DISCONNECT
/*C9464*/SET SCHEMA PUBLIC
DISCONNECT
/*C9465*/SET SCHEMA PUBLIC
DISCONNECT
/*C9467*/SET SCHEMA PUBLIC
DISCONNECT
/*C9466*/SET SCHEMA PUBLIC
DISCONNECT
/*C9468*/SET SCHEMA PUBLIC
DISCONNECT
/*C9469*/SET SCHEMA PUBLIC
DISCONNECT
/*C9470*/SET SCHEMA PUBLIC
DISCONNECT
/*C9471*/SET SCHEMA PUBLIC
DISCONNECT
/*C9472*/SET SCHEMA PUBLIC
DISCONNECT
/*C9473*/SET SCHEMA PUBLIC
DISCONNECT
/*C9475*/SET SCHEMA PUBLIC
DISCONNECT
/*C9474*/SET SCHEMA PUBLIC
DISCONNECT
/*C9477*/SET SCHEMA PUBLIC
DISCONNECT
/*C9476*/SET SCHEMA PUBLIC
DISCONNECT
/*C9479*/SET SCHEMA PUBLIC
DISCONNECT
/*C9478*/SET SCHEMA PUBLIC
DISCONNECT
/*C9481*/SET SCHEMA PUBLIC
DISCONNECT
/*C9480*/SET SCHEMA PUBLIC
DISCONNECT
/*C9482*/SET SCHEMA PUBLIC
DISCONNECT
/*C9483*/SET SCHEMA PUBLIC
DISCONNECT
/*C9484*/SET SCHEMA PUBLIC
DISCONNECT
/*C9485*/SET SCHEMA PUBLIC
DISCONNECT
/*C9486*/SET SCHEMA PUBLIC
DISCONNECT
/*C9487*/SET SCHEMA PUBLIC
DISCONNECT
/*C9488*/SET SCHEMA PUBLIC
DISCONNECT
/*C9489*/SET SCHEMA PUBLIC
DISCONNECT
/*C9491*/SET SCHEMA PUBLIC
DISCONNECT
/*C9490*/SET SCHEMA PUBLIC
DISCONNECT
/*C9492*/SET SCHEMA PUBLIC
DISCONNECT
/*C9493*/SET SCHEMA PUBLIC
DISCONNECT
/*C9494*/SET SCHEMA PUBLIC
DISCONNECT
/*C9495*/SET SCHEMA PUBLIC
DISCONNECT
/*C9497*/SET SCHEMA PUBLIC
DISCONNECT
/*C9496*/SET SCHEMA PUBLIC
DISCONNECT
/*C9498*/SET SCHEMA PUBLIC
DISCONNECT
/*C9499*/SET SCHEMA PUBLIC
DISCONNECT
/*C9500*/SET SCHEMA PUBLIC
DISCONNECT
/*C9501*/SET SCHEMA PUBLIC
DISCONNECT
/*C9503*/SET SCHEMA PUBLIC
DISCONNECT
/*C9502*/SET SCHEMA PUBLIC
DISCONNECT
/*C9504*/SET SCHEMA PUBLIC
DISCONNECT
/*C9505*/SET SCHEMA PUBLIC
DISCONNECT
/*C9506*/SET SCHEMA PUBLIC
DISCONNECT
/*C9507*/SET SCHEMA PUBLIC
DISCONNECT
/*C9509*/SET SCHEMA PUBLIC
DISCONNECT
/*C9508*/SET SCHEMA PUBLIC
DISCONNECT
/*C9510*/SET SCHEMA PUBLIC
DISCONNECT
/*C9511*/SET SCHEMA PUBLIC
DISCONNECT
/*C9513*/SET SCHEMA PUBLIC
DISCONNECT
/*C9512*/SET SCHEMA PUBLIC
DISCONNECT
/*C9515*/SET SCHEMA PUBLIC
DISCONNECT
/*C9514*/SET SCHEMA PUBLIC
DISCONNECT
/*C9516*/SET SCHEMA PUBLIC
DISCONNECT
/*C9517*/SET SCHEMA PUBLIC
DISCONNECT
/*C9519*/SET SCHEMA PUBLIC
DISCONNECT
/*C9518*/SET SCHEMA PUBLIC
DISCONNECT
/*C9520*/SET SCHEMA PUBLIC
DISCONNECT
/*C9521*/SET SCHEMA PUBLIC
DISCONNECT
/*C9522*/SET SCHEMA PUBLIC
DISCONNECT
/*C9523*/SET SCHEMA PUBLIC
DISCONNECT
/*C9524*/SET SCHEMA PUBLIC
DISCONNECT
/*C9525*/SET SCHEMA PUBLIC
DISCONNECT
/*C9526*/SET SCHEMA PUBLIC
DISCONNECT
/*C9527*/SET SCHEMA PUBLIC
DISCONNECT
/*C9528*/SET SCHEMA PUBLIC
DISCONNECT
/*C9529*/SET SCHEMA PUBLIC
DISCONNECT
/*C9530*/SET SCHEMA PUBLIC
DISCONNECT
/*C9531*/SET SCHEMA PUBLIC
DISCONNECT
/*C9532*/SET SCHEMA PUBLIC
DISCONNECT
/*C9533*/SET SCHEMA PUBLIC
DISCONNECT
/*C9534*/SET SCHEMA PUBLIC
DISCONNECT
/*C9535*/SET SCHEMA PUBLIC
DISCONNECT
/*C9537*/SET SCHEMA PUBLIC
DISCONNECT
/*C9536*/SET SCHEMA PUBLIC
DISCONNECT
/*C9538*/SET SCHEMA PUBLIC
DISCONNECT
/*C9539*/SET SCHEMA PUBLIC
DISCONNECT
/*C9540*/SET SCHEMA PUBLIC
DISCONNECT
/*C9541*/SET SCHEMA PUBLIC
DISCONNECT
/*C9542*/SET SCHEMA PUBLIC
DISCONNECT
/*C9543*/SET SCHEMA PUBLIC
DISCONNECT
/*C9544*/SET SCHEMA PUBLIC
DISCONNECT
/*C9545*/SET SCHEMA PUBLIC
DISCONNECT
/*C9546*/SET SCHEMA PUBLIC
DISCONNECT
/*C9547*/SET SCHEMA PUBLIC
DISCONNECT
/*C9548*/SET SCHEMA PUBLIC
DISCONNECT
/*C9549*/SET SCHEMA PUBLIC
DISCONNECT
/*C9550*/SET SCHEMA PUBLIC
DISCONNECT
/*C9551*/SET SCHEMA PUBLIC
DISCONNECT
/*C9553*/SET SCHEMA PUBLIC
DISCONNECT
/*C9552*/SET SCHEMA PUBLIC
DISCONNECT
/*C9554*/SET SCHEMA PUBLIC
DISCONNECT
/*C9555*/SET SCHEMA PUBLIC
DISCONNECT
/*C9556*/SET SCHEMA PUBLIC
DISCONNECT
/*C9557*/SET SCHEMA PUBLIC
DISCONNECT
/*C9558*/SET SCHEMA PUBLIC
DISCONNECT
/*C9559*/SET SCHEMA PUBLIC
DISCONNECT
/*C9560*/SET SCHEMA PUBLIC
DISCONNECT
/*C9561*/SET SCHEMA PUBLIC
DISCONNECT
/*C9562*/SET SCHEMA PUBLIC
DISCONNECT
/*C9563*/SET SCHEMA PUBLIC
DISCONNECT
/*C9564*/SET SCHEMA PUBLIC
DISCONNECT
/*C9565*/SET SCHEMA PUBLIC
DISCONNECT
/*C9566*/SET SCHEMA PUBLIC
DISCONNECT
/*C9567*/SET SCHEMA PUBLIC
DISCONNECT
/*C9568*/SET SCHEMA PUBLIC
DISCONNECT
/*C9569*/SET SCHEMA PUBLIC
DISCONNECT
/*C9570*/SET SCHEMA PUBLIC
DISCONNECT
/*C9571*/SET SCHEMA PUBLIC
DISCONNECT
/*C9572*/SET SCHEMA PUBLIC
DISCONNECT
/*C9573*/SET SCHEMA PUBLIC
DISCONNECT
/*C9574*/SET SCHEMA PUBLIC
DISCONNECT
/*C9575*/SET SCHEMA PUBLIC
DISCONNECT
/*C9576*/SET SCHEMA PUBLIC
DISCONNECT
/*C9577*/SET SCHEMA PUBLIC
DISCONNECT
/*C9578*/SET SCHEMA PUBLIC
DISCONNECT
/*C9579*/SET SCHEMA PUBLIC
DISCONNECT
/*C9580*/SET SCHEMA PUBLIC
DISCONNECT
/*C9581*/SET SCHEMA PUBLIC
DISCONNECT
/*C9583*/SET SCHEMA PUBLIC
DISCONNECT
/*C9582*/SET SCHEMA PUBLIC
DISCONNECT
/*C9584*/SET SCHEMA PUBLIC
DISCONNECT
/*C9585*/SET SCHEMA PUBLIC
DISCONNECT
/*C9587*/SET SCHEMA PUBLIC
DISCONNECT
/*C9586*/SET SCHEMA PUBLIC
DISCONNECT
/*C9588*/SET SCHEMA PUBLIC
DISCONNECT
/*C9589*/SET SCHEMA PUBLIC
DISCONNECT
/*C9590*/SET SCHEMA PUBLIC
DISCONNECT
/*C9591*/SET SCHEMA PUBLIC
DISCONNECT
/*C9593*/SET SCHEMA PUBLIC
DISCONNECT
/*C9592*/SET SCHEMA PUBLIC
DISCONNECT
/*C9594*/SET SCHEMA PUBLIC
DISCONNECT
/*C9595*/SET SCHEMA PUBLIC
DISCONNECT
/*C9596*/SET SCHEMA PUBLIC
DISCONNECT
/*C9597*/SET SCHEMA PUBLIC
DISCONNECT
/*C9598*/SET SCHEMA PUBLIC
DISCONNECT
/*C9599*/SET SCHEMA PUBLIC
DISCONNECT
/*C9600*/SET SCHEMA PUBLIC
DISCONNECT
/*C9601*/SET SCHEMA PUBLIC
DISCONNECT
/*C9603*/SET SCHEMA PUBLIC
DISCONNECT
/*C9602*/SET SCHEMA PUBLIC
DISCONNECT
/*C9605*/SET SCHEMA PUBLIC
DISCONNECT
/*C9604*/SET SCHEMA PUBLIC
DISCONNECT
/*C9606*/SET SCHEMA PUBLIC
DISCONNECT
/*C9607*/SET SCHEMA PUBLIC
DISCONNECT
/*C9608*/SET SCHEMA PUBLIC
DISCONNECT
/*C9609*/SET SCHEMA PUBLIC
DISCONNECT
/*C9611*/SET SCHEMA PUBLIC
DISCONNECT
/*C9610*/SET SCHEMA PUBLIC
DISCONNECT
/*C9612*/SET SCHEMA PUBLIC
DISCONNECT
/*C9613*/SET SCHEMA PUBLIC
DISCONNECT
/*C9614*/SET SCHEMA PUBLIC
DISCONNECT
/*C9615*/SET SCHEMA PUBLIC
DISCONNECT
/*C9616*/SET SCHEMA PUBLIC
DISCONNECT
/*C9617*/SET SCHEMA PUBLIC
DISCONNECT
/*C9618*/SET SCHEMA PUBLIC
DISCONNECT
/*C9619*/SET SCHEMA PUBLIC
DISCONNECT
/*C9620*/SET SCHEMA PUBLIC
DISCONNECT
/*C9621*/SET SCHEMA PUBLIC
DISCONNECT
/*C9622*/SET SCHEMA PUBLIC
DISCONNECT
/*C9623*/SET SCHEMA PUBLIC
DISCONNECT
/*C9625*/SET SCHEMA PUBLIC
DISCONNECT
/*C9624*/SET SCHEMA PUBLIC
DISCONNECT
/*C9626*/SET SCHEMA PUBLIC
DISCONNECT
/*C9627*/SET SCHEMA PUBLIC
DISCONNECT
/*C9629*/SET SCHEMA PUBLIC
DISCONNECT
/*C9628*/SET SCHEMA PUBLIC
DISCONNECT
/*C9630*/SET SCHEMA PUBLIC
DISCONNECT
/*C9631*/SET SCHEMA PUBLIC
DISCONNECT
/*C9632*/SET SCHEMA PUBLIC
DISCONNECT
/*C9633*/SET SCHEMA PUBLIC
DISCONNECT
/*C9635*/SET SCHEMA PUBLIC
DISCONNECT
/*C9634*/SET SCHEMA PUBLIC
DISCONNECT
/*C9636*/SET SCHEMA PUBLIC
DISCONNECT
/*C9637*/SET SCHEMA PUBLIC
DISCONNECT
/*C9638*/SET SCHEMA PUBLIC
DISCONNECT
/*C9639*/SET SCHEMA PUBLIC
DISCONNECT
/*C9641*/SET SCHEMA PUBLIC
DISCONNECT
/*C9640*/SET SCHEMA PUBLIC
DISCONNECT
/*C9642*/SET SCHEMA PUBLIC
DISCONNECT
/*C9643*/SET SCHEMA PUBLIC
DISCONNECT
/*C9645*/SET SCHEMA PUBLIC
DISCONNECT
/*C9644*/SET SCHEMA PUBLIC
DISCONNECT
/*C9647*/SET SCHEMA PUBLIC
DISCONNECT
/*C9646*/SET SCHEMA PUBLIC
DISCONNECT
/*C9648*/SET SCHEMA PUBLIC
DISCONNECT
/*C9649*/SET SCHEMA PUBLIC
DISCONNECT
/*C9650*/SET SCHEMA PUBLIC
DISCONNECT
/*C9651*/SET SCHEMA PUBLIC
DISCONNECT
/*C9652*/SET SCHEMA PUBLIC
DISCONNECT
/*C9653*/SET SCHEMA PUBLIC
DISCONNECT
/*C9655*/SET SCHEMA PUBLIC
DISCONNECT
/*C9654*/SET SCHEMA PUBLIC
DISCONNECT
/*C9656*/SET SCHEMA PUBLIC
DISCONNECT
/*C9657*/SET SCHEMA PUBLIC
DISCONNECT
/*C9658*/SET SCHEMA PUBLIC
DISCONNECT
/*C9659*/SET SCHEMA PUBLIC
DISCONNECT
/*C9660*/SET SCHEMA PUBLIC
DISCONNECT
/*C9661*/SET SCHEMA PUBLIC
DISCONNECT
/*C9662*/SET SCHEMA PUBLIC
DISCONNECT
/*C9663*/SET SCHEMA PUBLIC
DISCONNECT
/*C9664*/SET SCHEMA PUBLIC
DISCONNECT
/*C9665*/SET SCHEMA PUBLIC
DISCONNECT
/*C9667*/SET SCHEMA PUBLIC
DISCONNECT
/*C9666*/SET SCHEMA PUBLIC
DISCONNECT
/*C9668*/SET SCHEMA PUBLIC
DISCONNECT
/*C9669*/SET SCHEMA PUBLIC
DISCONNECT
/*C9670*/SET SCHEMA PUBLIC
DISCONNECT
/*C9671*/SET SCHEMA PUBLIC
DISCONNECT
/*C9672*/SET SCHEMA PUBLIC
DISCONNECT
/*C9673*/SET SCHEMA PUBLIC
DISCONNECT
/*C9675*/SET SCHEMA PUBLIC
DISCONNECT
/*C9674*/SET SCHEMA PUBLIC
DISCONNECT
/*C9676*/SET SCHEMA PUBLIC
DISCONNECT
/*C9677*/SET SCHEMA PUBLIC
DISCONNECT
/*C9679*/SET SCHEMA PUBLIC
DISCONNECT
/*C9678*/SET SCHEMA PUBLIC
DISCONNECT
/*C9680*/SET SCHEMA PUBLIC
DISCONNECT
/*C9681*/SET SCHEMA PUBLIC
DISCONNECT
/*C9683*/SET SCHEMA PUBLIC
DISCONNECT
/*C9682*/SET SCHEMA PUBLIC
DISCONNECT
/*C9685*/SET SCHEMA PUBLIC
DISCONNECT
/*C9684*/SET SCHEMA PUBLIC
DISCONNECT
/*C9687*/SET SCHEMA PUBLIC
DISCONNECT
/*C9686*/SET SCHEMA PUBLIC
DISCONNECT
/*C9689*/SET SCHEMA PUBLIC
DISCONNECT
/*C9688*/SET SCHEMA PUBLIC
DISCONNECT
/*C9690*/SET SCHEMA PUBLIC
DISCONNECT
/*C9691*/SET SCHEMA PUBLIC
DISCONNECT
/*C9692*/SET SCHEMA PUBLIC
DISCONNECT
/*C9693*/SET SCHEMA PUBLIC
DISCONNECT
/*C9694*/SET SCHEMA PUBLIC
DISCONNECT
/*C9695*/SET SCHEMA PUBLIC
DISCONNECT
/*C9697*/SET SCHEMA PUBLIC
DISCONNECT
/*C9696*/SET SCHEMA PUBLIC
DISCONNECT
/*C9699*/SET SCHEMA PUBLIC
DISCONNECT
/*C9698*/SET SCHEMA PUBLIC
DISCONNECT
/*C9700*/SET SCHEMA PUBLIC
DISCONNECT
/*C9701*/SET SCHEMA PUBLIC
DISCONNECT
/*C9703*/SET SCHEMA PUBLIC
DISCONNECT
/*C9702*/SET SCHEMA PUBLIC
DISCONNECT
/*C9705*/SET SCHEMA PUBLIC
DISCONNECT
/*C9704*/SET SCHEMA PUBLIC
DISCONNECT
/*C9707*/SET SCHEMA PUBLIC
DISCONNECT
/*C9706*/SET SCHEMA PUBLIC
DISCONNECT
/*C9708*/SET SCHEMA PUBLIC
DISCONNECT
/*C9709*/SET SCHEMA PUBLIC
DISCONNECT
/*C9710*/SET SCHEMA PUBLIC
DISCONNECT
/*C9711*/SET SCHEMA PUBLIC
DISCONNECT
/*C9712*/SET SCHEMA PUBLIC
DISCONNECT
/*C9713*/SET SCHEMA PUBLIC
DISCONNECT
/*C9714*/SET SCHEMA PUBLIC
DISCONNECT
/*C9715*/SET SCHEMA PUBLIC
DISCONNECT
/*C9717*/SET SCHEMA PUBLIC
DISCONNECT
/*C9716*/SET SCHEMA PUBLIC
DISCONNECT
/*C9718*/SET SCHEMA PUBLIC
DISCONNECT
/*C9719*/SET SCHEMA PUBLIC
DISCONNECT
/*C9720*/SET SCHEMA PUBLIC
DISCONNECT
/*C9721*/SET SCHEMA PUBLIC
DISCONNECT
/*C9722*/SET SCHEMA PUBLIC
DISCONNECT
/*C9723*/SET SCHEMA PUBLIC
DISCONNECT
/*C9725*/SET SCHEMA PUBLIC
DISCONNECT
/*C9724*/SET SCHEMA PUBLIC
DISCONNECT
/*C9726*/SET SCHEMA PUBLIC
DISCONNECT
/*C9727*/SET SCHEMA PUBLIC
DISCONNECT
/*C9728*/SET SCHEMA PUBLIC
DISCONNECT
/*C9729*/SET SCHEMA PUBLIC
DISCONNECT
/*C9730*/SET SCHEMA PUBLIC
DISCONNECT
/*C9731*/SET SCHEMA PUBLIC
DISCONNECT
/*C9733*/SET SCHEMA PUBLIC
DISCONNECT
/*C9732*/SET SCHEMA PUBLIC
DISCONNECT
/*C9734*/SET SCHEMA PUBLIC
DISCONNECT
/*C9735*/SET SCHEMA PUBLIC
DISCONNECT
/*C9736*/SET SCHEMA PUBLIC
DISCONNECT
/*C9737*/SET SCHEMA PUBLIC
DISCONNECT
/*C9738*/SET SCHEMA PUBLIC
DISCONNECT
/*C9739*/SET SCHEMA PUBLIC
DISCONNECT
/*C9740*/SET SCHEMA PUBLIC
DISCONNECT
/*C9741*/SET SCHEMA PUBLIC
DISCONNECT
/*C9743*/SET SCHEMA PUBLIC
DISCONNECT
/*C9742*/SET SCHEMA PUBLIC
DISCONNECT
/*C9744*/SET SCHEMA PUBLIC
DISCONNECT
/*C9745*/SET SCHEMA PUBLIC
DISCONNECT
/*C9746*/SET SCHEMA PUBLIC
DISCONNECT
/*C9747*/SET SCHEMA PUBLIC
DISCONNECT
/*C9749*/SET SCHEMA PUBLIC
DISCONNECT
/*C9748*/SET SCHEMA PUBLIC
DISCONNECT
/*C9751*/SET SCHEMA PUBLIC
DISCONNECT
/*C9750*/SET SCHEMA PUBLIC
DISCONNECT
/*C9752*/SET SCHEMA PUBLIC
DISCONNECT
/*C9753*/SET SCHEMA PUBLIC
DISCONNECT
/*C9754*/SET SCHEMA PUBLIC
DISCONNECT
/*C9755*/SET SCHEMA PUBLIC
DISCONNECT
/*C9756*/SET SCHEMA PUBLIC
DISCONNECT
/*C9757*/SET SCHEMA PUBLIC
DISCONNECT
/*C9759*/SET SCHEMA PUBLIC
DISCONNECT
/*C9758*/SET SCHEMA PUBLIC
DISCONNECT
/*C9761*/SET SCHEMA PUBLIC
DISCONNECT
/*C9760*/SET SCHEMA PUBLIC
DISCONNECT
/*C9762*/SET SCHEMA PUBLIC
DISCONNECT
/*C9763*/SET SCHEMA PUBLIC
DISCONNECT
/*C9765*/SET SCHEMA PUBLIC
DISCONNECT
/*C9764*/SET SCHEMA PUBLIC
DISCONNECT
/*C9766*/SET SCHEMA PUBLIC
DISCONNECT
/*C9767*/SET SCHEMA PUBLIC
DISCONNECT
/*C9768*/SET SCHEMA PUBLIC
DISCONNECT
/*C9769*/SET SCHEMA PUBLIC
DISCONNECT
/*C9770*/SET SCHEMA PUBLIC
DISCONNECT
/*C9771*/SET SCHEMA PUBLIC
DISCONNECT
/*C9773*/SET SCHEMA PUBLIC
DISCONNECT
/*C9772*/SET SCHEMA PUBLIC
DISCONNECT
/*C9774*/SET SCHEMA PUBLIC
DISCONNECT
/*C9775*/SET SCHEMA PUBLIC
DISCONNECT
/*C9776*/SET SCHEMA PUBLIC
DISCONNECT
/*C9777*/SET SCHEMA PUBLIC
DISCONNECT
/*C9779*/SET SCHEMA PUBLIC
DISCONNECT
/*C9778*/SET SCHEMA PUBLIC
DISCONNECT
/*C9780*/SET SCHEMA PUBLIC
DISCONNECT
/*C9781*/SET SCHEMA PUBLIC
DISCONNECT
/*C9782*/SET SCHEMA PUBLIC
DISCONNECT
/*C9783*/SET SCHEMA PUBLIC
DISCONNECT
/*C9784*/SET SCHEMA PUBLIC
DISCONNECT
/*C9785*/SET SCHEMA PUBLIC
DISCONNECT
/*C9786*/SET SCHEMA PUBLIC
DISCONNECT
/*C9787*/SET SCHEMA PUBLIC
DISCONNECT
/*C9788*/SET SCHEMA PUBLIC
DISCONNECT
/*C9789*/SET SCHEMA PUBLIC
DISCONNECT
/*C9790*/SET SCHEMA PUBLIC
DISCONNECT
/*C9791*/SET SCHEMA PUBLIC
DISCONNECT
/*C9792*/SET SCHEMA PUBLIC
DISCONNECT
/*C9793*/SET SCHEMA PUBLIC
DISCONNECT
/*C9794*/SET SCHEMA PUBLIC
DISCONNECT
/*C9795*/SET SCHEMA PUBLIC
DISCONNECT
/*C9796*/SET SCHEMA PUBLIC
DISCONNECT
/*C9797*/SET SCHEMA PUBLIC
DISCONNECT
/*C9798*/SET SCHEMA PUBLIC
DISCONNECT
/*C9799*/SET SCHEMA PUBLIC
DISCONNECT
/*C9800*/SET SCHEMA PUBLIC
DISCONNECT
/*C9801*/SET SCHEMA PUBLIC
DISCONNECT
/*C9802*/SET SCHEMA PUBLIC
DISCONNECT
/*C9803*/SET SCHEMA PUBLIC
DISCONNECT
/*C9804*/SET SCHEMA PUBLIC
DISCONNECT
/*C9805*/SET SCHEMA PUBLIC
DISCONNECT
/*C9806*/SET SCHEMA PUBLIC
DISCONNECT
/*C9807*/SET SCHEMA PUBLIC
DISCONNECT
/*C9809*/SET SCHEMA PUBLIC
DISCONNECT
/*C9808*/SET SCHEMA PUBLIC
DISCONNECT
/*C9810*/SET SCHEMA PUBLIC
DISCONNECT
/*C9811*/SET SCHEMA PUBLIC
DISCONNECT
/*C9813*/SET SCHEMA PUBLIC
DISCONNECT
/*C9812*/SET SCHEMA PUBLIC
DISCONNECT
/*C9814*/SET SCHEMA PUBLIC
DISCONNECT
/*C9815*/SET SCHEMA PUBLIC
DISCONNECT
/*C9817*/SET SCHEMA PUBLIC
DISCONNECT
/*C9816*/SET SCHEMA PUBLIC
DISCONNECT
/*C9818*/SET SCHEMA PUBLIC
DISCONNECT
/*C9819*/SET SCHEMA PUBLIC
DISCONNECT
/*C9820*/SET SCHEMA PUBLIC
DISCONNECT
/*C9821*/SET SCHEMA PUBLIC
DISCONNECT
/*C9822*/SET SCHEMA PUBLIC
DISCONNECT
/*C9823*/SET SCHEMA PUBLIC
DISCONNECT
/*C9824*/SET SCHEMA PUBLIC
DISCONNECT
/*C9825*/SET SCHEMA PUBLIC
DISCONNECT
/*C9827*/SET SCHEMA PUBLIC
DISCONNECT
/*C9826*/SET SCHEMA PUBLIC
DISCONNECT
/*C9828*/SET SCHEMA PUBLIC
DISCONNECT
/*C9829*/SET SCHEMA PUBLIC
DISCONNECT
/*C9830*/SET SCHEMA PUBLIC
DISCONNECT
/*C9831*/SET SCHEMA PUBLIC
DISCONNECT
/*C9833*/SET SCHEMA PUBLIC
DISCONNECT
/*C9832*/SET SCHEMA PUBLIC
DISCONNECT
/*C9834*/SET SCHEMA PUBLIC
DISCONNECT
/*C9835*/SET SCHEMA PUBLIC
DISCONNECT
/*C9836*/SET SCHEMA PUBLIC
DISCONNECT
/*C9837*/SET SCHEMA PUBLIC
DISCONNECT
/*C9838*/SET SCHEMA PUBLIC
DISCONNECT
/*C9839*/SET SCHEMA PUBLIC
DISCONNECT
/*C9840*/SET SCHEMA PUBLIC
DISCONNECT
/*C9841*/SET SCHEMA PUBLIC
DISCONNECT
/*C9842*/SET SCHEMA PUBLIC
DISCONNECT
/*C9843*/SET SCHEMA PUBLIC
DISCONNECT
/*C9845*/SET SCHEMA PUBLIC
DISCONNECT
/*C9844*/SET SCHEMA PUBLIC
DISCONNECT
/*C9846*/SET SCHEMA PUBLIC
DISCONNECT
/*C9847*/SET SCHEMA PUBLIC
DISCONNECT
/*C9848*/SET SCHEMA PUBLIC
DISCONNECT
/*C9849*/SET SCHEMA PUBLIC
DISCONNECT
/*C9850*/SET SCHEMA PUBLIC
DISCONNECT
/*C9851*/SET SCHEMA PUBLIC
DISCONNECT
/*C9852*/SET SCHEMA PUBLIC
DISCONNECT
/*C9853*/SET SCHEMA PUBLIC
DISCONNECT
/*C9854*/SET SCHEMA PUBLIC
DISCONNECT
/*C9855*/SET SCHEMA PUBLIC
DISCONNECT
/*C9857*/SET SCHEMA PUBLIC
DISCONNECT
/*C9856*/SET SCHEMA PUBLIC
DISCONNECT
/*C9858*/SET SCHEMA PUBLIC
DISCONNECT
/*C9859*/SET SCHEMA PUBLIC
DISCONNECT
/*C9860*/SET SCHEMA PUBLIC
DISCONNECT
/*C9861*/SET SCHEMA PUBLIC
DISCONNECT
/*C9862*/SET SCHEMA PUBLIC
DISCONNECT
/*C9863*/SET SCHEMA PUBLIC
DISCONNECT
/*C9864*/SET SCHEMA PUBLIC
DISCONNECT
/*C9865*/SET SCHEMA PUBLIC
DISCONNECT
/*C9866*/SET SCHEMA PUBLIC
DISCONNECT
/*C9867*/SET SCHEMA PUBLIC
DISCONNECT
/*C9868*/SET SCHEMA PUBLIC
DISCONNECT
/*C9869*/SET SCHEMA PUBLIC
DISCONNECT
/*C9870*/SET SCHEMA PUBLIC
DISCONNECT
/*C9871*/SET SCHEMA PUBLIC
DISCONNECT
/*C9873*/SET SCHEMA PUBLIC
DISCONNECT
/*C9872*/SET SCHEMA PUBLIC
DISCONNECT
/*C9874*/SET SCHEMA PUBLIC
DISCONNECT
/*C9875*/SET SCHEMA PUBLIC
DISCONNECT
/*C9876*/SET SCHEMA PUBLIC
DISCONNECT
/*C9877*/SET SCHEMA PUBLIC
DISCONNECT
/*C9878*/SET SCHEMA PUBLIC
DISCONNECT
/*C9879*/SET SCHEMA PUBLIC
DISCONNECT
/*C9881*/SET SCHEMA PUBLIC
DISCONNECT
/*C9880*/SET SCHEMA PUBLIC
DISCONNECT
/*C9882*/SET SCHEMA PUBLIC
DISCONNECT
/*C9883*/SET SCHEMA PUBLIC
DISCONNECT
/*C9884*/SET SCHEMA PUBLIC
DISCONNECT
/*C9885*/SET SCHEMA PUBLIC
DISCONNECT
/*C9886*/SET SCHEMA PUBLIC
DISCONNECT
/*C9887*/SET SCHEMA PUBLIC
DISCONNECT
/*C9888*/SET SCHEMA PUBLIC
DISCONNECT
/*C9889*/SET SCHEMA PUBLIC
DISCONNECT
/*C9890*/SET SCHEMA PUBLIC
DISCONNECT
/*C9891*/SET SCHEMA PUBLIC
DISCONNECT
/*C9892*/SET SCHEMA PUBLIC
DISCONNECT
/*C9893*/SET SCHEMA PUBLIC
DISCONNECT
/*C9894*/SET SCHEMA PUBLIC
DISCONNECT
/*C9895*/SET SCHEMA PUBLIC
DISCONNECT
/*C9897*/SET SCHEMA PUBLIC
DISCONNECT
/*C9896*/SET SCHEMA PUBLIC
DISCONNECT
/*C9898*/SET SCHEMA PUBLIC
DISCONNECT
/*C9899*/SET SCHEMA PUBLIC
DISCONNECT
/*C9900*/SET SCHEMA PUBLIC
DISCONNECT
/*C9901*/SET SCHEMA PUBLIC
DISCONNECT
/*C9902*/SET SCHEMA PUBLIC
DISCONNECT
/*C9903*/SET SCHEMA PUBLIC
DISCONNECT
/*C9905*/SET SCHEMA PUBLIC
DISCONNECT
/*C9904*/SET SCHEMA PUBLIC
DISCONNECT
/*C9906*/SET SCHEMA PUBLIC
DISCONNECT
/*C9907*/SET SCHEMA PUBLIC
DISCONNECT
/*C9909*/SET SCHEMA PUBLIC
DISCONNECT
/*C9908*/SET SCHEMA PUBLIC
DISCONNECT
/*C9910*/SET SCHEMA PUBLIC
DISCONNECT
/*C9911*/SET SCHEMA PUBLIC
DISCONNECT
/*C9912*/SET SCHEMA PUBLIC
DISCONNECT
/*C9913*/SET SCHEMA PUBLIC
DISCONNECT
/*C9914*/SET SCHEMA PUBLIC
DISCONNECT
/*C9915*/SET SCHEMA PUBLIC
DISCONNECT
/*C9916*/SET SCHEMA PUBLIC
DISCONNECT
/*C9917*/SET SCHEMA PUBLIC
DISCONNECT
/*C9919*/SET SCHEMA PUBLIC
DISCONNECT
/*C9918*/SET SCHEMA PUBLIC
DISCONNECT
/*C9920*/SET SCHEMA PUBLIC
DISCONNECT
/*C9921*/SET SCHEMA PUBLIC
DISCONNECT
/*C9922*/SET SCHEMA PUBLIC
DISCONNECT
/*C9923*/SET SCHEMA PUBLIC
DISCONNECT
/*C9925*/SET SCHEMA PUBLIC
DISCONNECT
/*C9924*/SET SCHEMA PUBLIC
DISCONNECT
/*C9926*/SET SCHEMA PUBLIC
DISCONNECT
/*C9927*/SET SCHEMA PUBLIC
DISCONNECT
/*C9929*/SET SCHEMA PUBLIC
DISCONNECT
/*C9928*/SET SCHEMA PUBLIC
DISCONNECT
/*C9930*/SET SCHEMA PUBLIC
DISCONNECT
/*C9931*/SET SCHEMA PUBLIC
DISCONNECT
/*C9932*/SET SCHEMA PUBLIC
DISCONNECT
/*C9933*/SET SCHEMA PUBLIC
DISCONNECT
/*C9935*/SET SCHEMA PUBLIC
DISCONNECT
/*C9934*/SET SCHEMA PUBLIC
DISCONNECT
/*C9936*/SET SCHEMA PUBLIC
DISCONNECT
/*C9937*/SET SCHEMA PUBLIC
DISCONNECT
/*C9939*/SET SCHEMA PUBLIC
DISCONNECT
/*C9938*/SET SCHEMA PUBLIC
DISCONNECT
/*C9940*/SET SCHEMA PUBLIC
DISCONNECT
/*C9941*/SET SCHEMA PUBLIC
DISCONNECT
/*C9943*/SET SCHEMA PUBLIC
DISCONNECT
/*C9942*/SET SCHEMA PUBLIC
DISCONNECT
/*C9945*/SET SCHEMA PUBLIC
DISCONNECT
/*C9944*/SET SCHEMA PUBLIC
DISCONNECT
/*C9946*/SET SCHEMA PUBLIC
DISCONNECT
/*C9947*/SET SCHEMA PUBLIC
DISCONNECT
/*C9948*/SET SCHEMA PUBLIC
DISCONNECT
/*C9949*/SET SCHEMA PUBLIC
DISCONNECT
/*C9950*/SET SCHEMA PUBLIC
DISCONNECT
/*C9951*/SET SCHEMA PUBLIC
DISCONNECT
/*C9952*/SET SCHEMA PUBLIC
DISCONNECT
/*C9953*/SET SCHEMA PUBLIC
DISCONNECT
/*C9954*/SET SCHEMA PUBLIC
DISCONNECT
/*C9955*/SET SCHEMA PUBLIC
DISCONNECT
/*C9957*/SET SCHEMA PUBLIC
DISCONNECT
/*C9956*/SET SCHEMA PUBLIC
DISCONNECT
/*C9958*/SET SCHEMA PUBLIC
DISCONNECT
/*C9959*/SET SCHEMA PUBLIC
DISCONNECT
/*C9960*/SET SCHEMA PUBLIC
DISCONNECT
/*C9961*/SET SCHEMA PUBLIC
DISCONNECT
/*C9962*/SET SCHEMA PUBLIC
DISCONNECT
/*C9963*/SET SCHEMA PUBLIC
DISCONNECT
/*C9965*/SET SCHEMA PUBLIC
DISCONNECT
/*C9964*/SET SCHEMA PUBLIC
DISCONNECT
/*C9967*/SET SCHEMA PUBLIC
DISCONNECT
/*C9966*/SET SCHEMA PUBLIC
DISCONNECT
/*C9969*/SET SCHEMA PUBLIC
DISCONNECT
/*C9968*/SET SCHEMA PUBLIC
DISCONNECT
/*C9970*/SET SCHEMA PUBLIC
DISCONNECT
/*C9971*/SET SCHEMA PUBLIC
DISCONNECT
/*C9973*/SET SCHEMA PUBLIC
DISCONNECT
/*C9972*/SET SCHEMA PUBLIC
DISCONNECT
/*C9974*/SET SCHEMA PUBLIC
DISCONNECT
/*C9975*/SET SCHEMA PUBLIC
DISCONNECT
/*C9976*/SET SCHEMA PUBLIC
DISCONNECT
/*C9977*/SET SCHEMA PUBLIC
DISCONNECT
/*C9979*/SET SCHEMA PUBLIC
DISCONNECT
/*C9978*/SET SCHEMA PUBLIC
DISCONNECT
/*C9980*/SET SCHEMA PUBLIC
DISCONNECT
/*C9981*/SET SCHEMA PUBLIC
DISCONNECT
/*C9982*/SET SCHEMA PUBLIC
DISCONNECT
/*C9983*/SET SCHEMA PUBLIC
DISCONNECT
/*C9985*/SET SCHEMA PUBLIC
DISCONNECT
/*C9984*/SET SCHEMA PUBLIC
DISCONNECT
/*C9986*/SET SCHEMA PUBLIC
DISCONNECT
/*C9987*/SET SCHEMA PUBLIC
DISCONNECT
/*C9989*/SET SCHEMA PUBLIC
DISCONNECT
/*C9988*/SET SCHEMA PUBLIC
DISCONNECT
/*C9990*/SET SCHEMA PUBLIC
DISCONNECT
/*C9991*/SET SCHEMA PUBLIC
DISCONNECT
/*C9992*/SET SCHEMA PUBLIC
DISCONNECT
/*C9993*/SET SCHEMA PUBLIC
DISCONNECT
/*C9994*/SET SCHEMA PUBLIC
DISCONNECT
/*C9995*/SET SCHEMA PUBLIC
DISCONNECT
/*C9996*/SET SCHEMA PUBLIC
DISCONNECT
/*C9997*/SET SCHEMA PUBLIC
DISCONNECT
/*C9998*/SET SCHEMA PUBLIC
DISCONNECT
/*C9999*/SET SCHEMA PUBLIC
DISCONNECT
/*C10001*/SET SCHEMA PUBLIC
DISCONNECT
/*C10000*/SET SCHEMA PUBLIC
DISCONNECT
/*C10002*/SET SCHEMA PUBLIC
DISCONNECT
/*C10003*/SET SCHEMA PUBLIC
DISCONNECT
/*C10004*/SET SCHEMA PUBLIC
DISCONNECT
/*C10005*/SET SCHEMA PUBLIC
DISCONNECT
/*C10006*/SET SCHEMA PUBLIC
DISCONNECT
/*C10007*/SET SCHEMA PUBLIC
DISCONNECT
/*C10008*/SET SCHEMA PUBLIC
DISCONNECT
/*C10009*/SET SCHEMA PUBLIC
DISCONNECT
/*C10011*/SET SCHEMA PUBLIC
DISCONNECT
/*C10010*/SET SCHEMA PUBLIC
DISCONNECT
/*C10012*/SET SCHEMA PUBLIC
DISCONNECT
/*C10013*/SET SCHEMA PUBLIC
DISCONNECT
/*C10014*/SET SCHEMA PUBLIC
DISCONNECT
/*C10015*/SET SCHEMA PUBLIC
DISCONNECT
/*C10016*/SET SCHEMA PUBLIC
DISCONNECT
/*C10017*/SET SCHEMA PUBLIC
DISCONNECT
/*C10018*/SET SCHEMA PUBLIC
DISCONNECT
/*C10019*/SET SCHEMA PUBLIC
DISCONNECT
/*C10020*/SET SCHEMA PUBLIC
DISCONNECT
/*C10021*/SET SCHEMA PUBLIC
DISCONNECT
/*C10023*/SET SCHEMA PUBLIC
DISCONNECT
/*C10022*/SET SCHEMA PUBLIC
DISCONNECT
/*C10025*/SET SCHEMA PUBLIC
DISCONNECT
/*C10024*/SET SCHEMA PUBLIC
DISCONNECT
/*C10026*/SET SCHEMA PUBLIC
DISCONNECT
/*C10027*/SET SCHEMA PUBLIC
DISCONNECT
/*C10028*/SET SCHEMA PUBLIC
DISCONNECT
/*C10029*/SET SCHEMA PUBLIC
DISCONNECT
/*C10030*/SET SCHEMA PUBLIC
DISCONNECT
/*C10031*/SET SCHEMA PUBLIC
DISCONNECT
/*C10032*/SET SCHEMA PUBLIC
DISCONNECT
/*C10033*/SET SCHEMA PUBLIC
DISCONNECT
/*C10034*/SET SCHEMA PUBLIC
DISCONNECT
/*C10035*/SET SCHEMA PUBLIC
DISCONNECT
/*C10036*/SET SCHEMA PUBLIC
DISCONNECT
/*C10037*/SET SCHEMA PUBLIC
DISCONNECT
/*C10038*/SET SCHEMA PUBLIC
DISCONNECT
/*C10039*/SET SCHEMA PUBLIC
DISCONNECT
